Log file open, 01/27/18 07:51:28
LogWindows: Failed to load 'aqProf.dll' (GetLastError=126)
LogWindows: File 'aqProf.dll' does not exist
LogWindows: Failed to load 'VSPerf140.dll' (GetLastError=126)
LogWindows: File 'VSPerf140.dll' does not exist
LogWindows: Failed to load 'VtuneApi.dll' (GetLastError=126)
LogWindows: File 'VtuneApi.dll' does not exist
LogWindows: Failed to load 'VtuneApi32e.dll' (GetLastError=126)
LogWindows: File 'VtuneApi32e.dll' does not exist
LogInit: Display: Running engine for game: TheMaze
LogPlatformFile: Not using cached read wrapper
LogInit: Display: RandInit(-151505657) SRandInit(-151505657).
LogInit: Read version file with build ID '3709383'
LogInit: Overriding engine version to CL 3794801, compatible CL 3709383
LogInit: Registered custom module enumerator with build ID '3709383'
LogTaskGraph: Started task graph with 5 named threads and 14 total threads with 3 sets of task threads.
LogStats: Stats thread started at 0.193812
LogD3D11RHI: Aftermath initialized
LogModuleManager: Display: Found up-to-date module file ../../../Engine/Plugins/2D/Paper2D/Binaries/Win64/UE4Editor-Paper2D.dll (API version 3709383).
LogModuleManager: Display: Found up-to-date module file ../../../Engine/Plugins/2D/Paper2D/Binaries/Win64/UE4Editor-Paper2DEditor.dll (API version 3709383).
LogModuleManager: Display: Found up-to-date module file ../../../Engine/Plugins/2D/Paper2D/Binaries/Win64/UE4Editor-PaperSpriteSheetImporter.dll (API version 3709383).
LogModuleManager: Display: Found up-to-date module file ../../../Engine/Plugins/2D/Paper2D/Binaries/Win64/UE4Editor-PaperTiledImporter.dll (API version 3709383).
LogModuleManager: Display: Found up-to-date module file ../../../Engine/Plugins/2D/Paper2D/Binaries/Win64/UE4Editor-SmartSnapping.dll (API version 3709383).
LogModuleManager: Display: Found up-to-date module file ../../../Engine/Plugins/Blendables/LightPropagationVolume/Binaries/Win64/UE4Editor-LightPropagationVolumeRuntime.dll (API version 3709383).
LogModuleManager: Display: Found up-to-date module file ../../../Engine/Plugins/Blendables/LightPropagationVolume/Binaries/Win64/UE4Editor-LightPropagationVolumeEditor.dll (API version 3709383).
LogModuleManager: Display: Found up-to-date module file ../../../Engine/Plugins/Developer/GitSourceControl/Binaries/Win64/UE4Editor-GitSourceControl.dll (API version 3709383).
LogModuleManager: Display: Found up-to-date module file ../../../Engine/Plugins/Developer/PerforceSourceControl/Binaries/Win64/UE4Editor-PerforceSourceControl.dll (API version 3709383).
LogModuleManager: Display: Found up-to-date module file ../../../Engine/Plugins/Developer/SubversionSourceControl/Binaries/Win64/UE4Editor-SubversionSourceControl.dll (API version 3709383).
LogModuleManager: Display: Found up-to-date module file ../../../Engine/Plugins/Developer/UObjectPlugin/Binaries/Win64/UE4Editor-UObjectPlugin.dll (API version 3709383).
LogModuleManager: Display: Found up-to-date module file ../../../Engine/Plugins/Developer/VisualStudioCodeSourceCodeAccess/Binaries/Win64/UE4Editor-VisualStudioCodeSourceCodeAccess.dll (API version 3709383).
LogModuleManager: Display: Found up-to-date module file ../../../Engine/Plugins/Developer/VisualStudioSourceCodeAccess/Binaries/Win64/UE4Editor-VisualStudioSourceCodeAccess.dll (API version 3709383).
LogModuleManager: Display: Found up-to-date module file ../../../Engine/Plugins/Editor/AssetManagerEditor/Binaries/Win64/UE4Editor-AssetManagerEditor.dll (API version 3709383).
LogModuleManager: Display: Found up-to-date module file ../../../Engine/Plugins/Editor/AudioCapture/Binaries/Win64/UE4Editor-AudioCapture.dll (API version 3709383).
LogModuleManager: Display: Found up-to-date module file ../../../Engine/Plugins/Editor/FacialAnimation/Binaries/Win64/UE4Editor-FacialAnimation.dll (API version 3709383).
LogModuleManager: Display: Found up-to-date module file ../../../Engine/Plugins/Editor/FacialAnimation/Binaries/Win64/UE4Editor-FacialAnimationEditor.dll (API version 3709383).
LogModuleManager: Display: Found up-to-date module file ../../../Engine/Plugins/Editor/GameplayTagsEditor/Binaries/Win64/UE4Editor-GameplayTagsEditor.dll (API version 3709383).
LogModuleManager: Display: Found up-to-date module file ../../../Engine/Plugins/Editor/MobileLauncherProfileWizard/Binaries/Win64/UE4Editor-MobileLauncherProfileWizard.dll (API version 3709383).
LogModuleManager: Display: Found up-to-date module file ../../../Engine/Plugins/Editor/PluginBrowser/Binaries/Win64/UE4Editor-PluginBrowser.dll (API version 3709383).
LogModuleManager: Display: Found up-to-date module file ../../../Engine/Plugins/Editor/SpeedTreeImporter/Binaries/Win64/UE4Editor-SpeedTreeImporter.dll (API version 3709383).
LogModuleManager: Display: Found up-to-date module file ../../../Engine/Plugins/Experimental/AlembicImporter/Binaries/Win64/UE4Editor-AlembicImporter.dll (API version 3709383).
LogModuleManager: Display: Found up-to-date module file ../../../Engine/Plugins/Experimental/AlembicImporter/Binaries/Win64/UE4Editor-AlembicLibrary.dll (API version 3709383).
LogModuleManager: Display: Found up-to-date module file ../../../Engine/Plugins/Experimental/CharacterAI/Binaries/Win64/UE4Editor-CharacterAI.dll (API version 3709383).
LogModuleManager: Display: Found up-to-date module file ../../../Engine/Plugins/Experimental/HTML5Networking/Binaries/Win64/UE4Editor-HTML5Networking.dll (API version 3709383).
LogModuleManager: Display: Found up-to-date module file ../../../Engine/Plugins/Media/AndroidMedia/Binaries/Win64/UE4Editor-AndroidMediaEditor.dll (API version 3709383).
LogModuleManager: Display: Found up-to-date module file ../../../Engine/Plugins/Media/AndroidMedia/Binaries/Win64/UE4Editor-AndroidMediaFactory.dll (API version 3709383).
LogModuleManager: Display: Found up-to-date module file ../../../Engine/Plugins/Media/AvfMedia/Binaries/Win64/UE4Editor-AvfMediaEditor.dll (API version 3709383).
LogModuleManager: Display: Found up-to-date module file ../../../Engine/Plugins/Media/AvfMedia/Binaries/Win64/UE4Editor-AvfMediaFactory.dll (API version 3709383).
LogModuleManager: Display: Found up-to-date module file ../../../Engine/Plugins/Media/AvfMedia/Binaries/Win64/UE4Editor-AvfMediaFactory.dll (API version 3709383).
LogModuleManager: Display: Found up-to-date module file ../../../Engine/Plugins/Media/ImgMedia/Binaries/Win64/UE4Editor-ImgMedia.dll (API version 3709383).
LogModuleManager: Display: Found up-to-date module file ../../../Engine/Plugins/Media/ImgMedia/Binaries/Win64/UE4Editor-ImgMediaEditor.dll (API version 3709383).
LogModuleManager: Display: Found up-to-date module file ../../../Engine/Plugins/Media/ImgMedia/Binaries/Win64/UE4Editor-ImgMediaFactory.dll (API version 3709383).
LogModuleManager: Display: Found up-to-date module file ../../../Engine/Plugins/Media/ImgMedia/Binaries/Win64/UE4Editor-ImgMediaFactory.dll (API version 3709383).
LogModuleManager: Display: Found up-to-date module file ../../../Engine/Plugins/Media/ImgMedia/Binaries/Win64/UE4Editor-OpenExrWrapper.dll (API version 3709383).
LogModuleManager: Display: Found up-to-date module file ../../../Engine/Plugins/Media/MediaCompositing/Binaries/Win64/UE4Editor-MediaCompositing.dll (API version 3709383).
LogModuleManager: Display: Found up-to-date module file ../../../Engine/Plugins/Media/MediaCompositing/Binaries/Win64/UE4Editor-MediaCompositingEditor.dll (API version 3709383).
LogModuleManager: Display: Found up-to-date module file ../../../Engine/Plugins/Media/MediaPlayerEditor/Binaries/Win64/UE4Editor-MediaPlayerEditor.dll (API version 3709383).
LogModuleManager: Display: Found up-to-date module file ../../../Engine/Plugins/Media/WmfMedia/Binaries/Win64/UE4Editor-WmfMedia.dll (API version 3709383).
LogModuleManager: Display: Found up-to-date module file ../../../Engine/Plugins/Media/WmfMedia/Binaries/Win64/UE4Editor-WmfMediaEditor.dll (API version 3709383).
LogModuleManager: Display: Found up-to-date module file ../../../Engine/Plugins/Media/WmfMedia/Binaries/Win64/UE4Editor-WmfMediaFactory.dll (API version 3709383).
LogModuleManager: Display: Found up-to-date module file ../../../Engine/Plugins/Media/WmfMedia/Binaries/Win64/UE4Editor-WmfMediaFactory.dll (API version 3709383).
LogModuleManager: Display: Found up-to-date module file ../../../Engine/Plugins/Messaging/TcpMessaging/Binaries/Win64/UE4Editor-TcpMessaging.dll (API version 3709383).
LogModuleManager: Display: Found up-to-date module file ../../../Engine/Plugins/Messaging/UdpMessaging/Binaries/Win64/UE4Editor-UdpMessaging.dll (API version 3709383).
LogModuleManager: Display: Found up-to-date module file ../../../Engine/Plugins/MovieScene/ActorSequence/Binaries/Win64/UE4Editor-ActorSequence.dll (API version 3709383).
LogModuleManager: Display: Found up-to-date module file ../../../Engine/Plugins/MovieScene/LevelSequenceEditor/Binaries/Win64/UE4Editor-LevelSequenceEditor.dll (API version 3709383).
LogModuleManager: Display: Found up-to-date module file ../../../Engine/Plugins/MovieScene/MatineeToLevelSequence/Binaries/Win64/UE4Editor-MatineeToLevelSequence.dll (API version 3709383).
LogModuleManager: Display: Found up-to-date module file ../../../Engine/Plugins/Online/OnlineSubsystem/Binaries/Win64/UE4Editor-OnlineSubsystem.dll (API version 3709383).
LogModuleManager: Display: Found up-to-date module file ../../../Engine/Plugins/Runtime/AndroidPermission/Binaries/Win64/UE4Editor-AndroidPermission.dll (API version 3709383).
LogModuleManager: Display: Found up-to-date module file ../../../Engine/Plugins/Online/OnlineSubsystemNull/Binaries/Win64/UE4Editor-OnlineSubsystemNull.dll (API version 3709383).
LogModuleManager: Display: Found up-to-date module file ../../../Engine/Plugins/Online/OnlineSubsystemUtils/Binaries/Win64/UE4Editor-OnlineSubsystemUtils.dll (API version 3709383).
LogModuleManager: Display: Found up-to-date module file ../../../Engine/Plugins/Online/OnlineSubsystemUtils/Binaries/Win64/UE4Editor-OnlineBlueprintSupport.dll (API version 3709383).
LogModuleManager: Display: Found up-to-date module file ../../../Engine/Plugins/Runtime/AndroidDeviceProfileSelector/Binaries/Win64/UE4Editor-AndroidDeviceProfileSelector.dll (API version 3709383).
LogModuleManager: Display: Found up-to-date module file ../../../Engine/Plugins/Runtime/AppleARKit/Binaries/Win64/UE4Editor-AppleARKit.dll (API version 3709383).
LogModuleManager: Display: Found up-to-date module file ../../../Engine/Plugins/Runtime/ArchVisCharacter/Binaries/Win64/UE4Editor-ArchVisCharacter.dll (API version 3709383).
LogModuleManager: Display: Found up-to-date module file ../../../Engine/Plugins/Runtime/CableComponent/Binaries/Win64/UE4Editor-CableComponent.dll (API version 3709383).
LogModuleManager: Display: Found up-to-date module file ../../../Engine/Plugins/Runtime/CustomMeshComponent/Binaries/Win64/UE4Editor-CustomMeshComponent.dll (API version 3709383).
LogModuleManager: Display: Found up-to-date module file ../../../Engine/Plugins/Runtime/ExampleDeviceProfileSelector/Binaries/Win64/UE4Editor-ExampleDeviceProfileSelector.dll (API version 3709383).
LogModuleManager: Display: Found up-to-date module file ../../../Engine/Plugins/Runtime/ImmediatePhysics/Binaries/Win64/UE4Editor-ImmediatePhysics.dll (API version 3709383).
LogModuleManager: Display: Found up-to-date module file ../../../Engine/Plugins/Runtime/ImmediatePhysics/Binaries/Win64/UE4Editor-ImmediatePhysicsEditor.dll (API version 3709383).
LogModuleManager: Display: Found up-to-date module file ../../../Engine/Plugins/Runtime/LocationServicesBPLibrary/Binaries/Win64/UE4Editor-LocationServicesBPLibrary.dll (API version 3709383).
LogModuleManager: Display: Found up-to-date module file ../../../Engine/Plugins/Runtime/MobilePatchingUtils/Binaries/Win64/UE4Editor-MobilePatchingUtils.dll (API version 3709383).
LogModuleManager: Display: Found up-to-date module file ../../../Engine/Plugins/Runtime/Oculus/OculusVR/Binaries/Win64/UE4Editor-OculusHMD.dll (API version 3709383).
LogModuleManager: Display: Found up-to-date module file ../../../Engine/Plugins/Runtime/Oculus/OculusVR/Binaries/Win64/UE4Editor-OculusInput.dll (API version 3709383).
LogModuleManager: Display: Found up-to-date module file ../../../Engine/Plugins/Runtime/Oculus/OculusVR/Binaries/Win64/UE4Editor-OculusEditor.dll (API version 3709383).
LogModuleManager: Display: Found up-to-date module file ../../../Engine/Plugins/Runtime/PhysXVehicles/Binaries/Win64/UE4Editor-PhysXVehicles.dll (API version 3709383).
LogModuleManager: Display: Found up-to-date module file ../../../Engine/Plugins/Runtime/PhysXVehicles/Binaries/Win64/UE4Editor-PhysXVehiclesEditor.dll (API version 3709383).
LogModuleManager: Display: Found up-to-date module file ../../../Engine/Plugins/Runtime/ProceduralMeshComponent/Binaries/Win64/UE4Editor-ProceduralMeshComponent.dll (API version 3709383).
LogModuleManager: Display: Found up-to-date module file ../../../Engine/Plugins/Runtime/ProceduralMeshComponent/Binaries/Win64/UE4Editor-ProceduralMeshComponentEditor.dll (API version 3709383).
LogModuleManager: Display: Found up-to-date module file ../../../Engine/Plugins/Runtime/RuntimePhysXCooking/Binaries/Win64/UE4Editor-RuntimePhysXCooking.dll (API version 3709383).
LogModuleManager: Display: Found up-to-date module file ../../../Engine/Plugins/Runtime/Steam/SteamVR/Binaries/Win64/UE4Editor-SteamVR.dll (API version 3709383).
LogModuleManager: Display: Found up-to-date module file ../../../Engine/Plugins/Runtime/Steam/SteamVR/Binaries/Win64/UE4Editor-SteamVRController.dll (API version 3709383).
LogModuleManager: Display: Found up-to-date module file ../../../Engine/Plugins/Runtime/WindowsMoviePlayer/Binaries/Win64/UE4Editor-WindowsMoviePlayer.dll (API version 3709383).
LogPluginManager: Mounting plugin Paper2D
LogPluginManager: Mounting plugin LightPropagationVolume
LogPluginManager: Mounting plugin CodeLiteSourceCodeAccess
LogPluginManager: Mounting plugin GitSourceControl
LogPluginManager: Mounting plugin KDevelopSourceCodeAccess
LogPluginManager: Mounting plugin NullSourceCodeAccess
LogPluginManager: Mounting plugin PerforceSourceControl
LogPluginManager: Mounting plugin SubversionSourceControl
LogPluginManager: Mounting plugin UObjectPlugin
LogPluginManager: Mounting plugin VisualStudioCodeSourceCodeAccess
LogPluginManager: Mounting plugin VisualStudioSourceCodeAccess
LogPluginManager: Mounting plugin XCodeSourceCodeAccess
LogPluginManager: Mounting plugin AssetManagerEditor
LogPluginManager: Mounting plugin AudioCapture
LogPluginManager: Mounting plugin FacialAnimation
LogPluginManager: Mounting plugin GameplayTagsEditor
LogPluginManager: Mounting plugin MobileLauncherProfileWizard
LogPluginManager: Mounting plugin PluginBrowser
LogPluginManager: Mounting plugin SpeedTreeImporter
LogPluginManager: Mounting plugin AlembicImporter
LogPluginManager: Mounting plugin CharacterAI
LogPluginManager: Mounting plugin HTML5Networking
LogPluginManager: Mounting plugin AndroidMedia
LogPluginManager: Mounting plugin AvfMedia
LogPluginManager: Mounting plugin ImgMedia
LogPluginManager: Mounting plugin MediaCompositing
LogPluginManager: Mounting plugin MediaPlayerEditor
LogPluginManager: Mounting plugin WmfMedia
LogPluginManager: Mounting plugin TcpMessaging
LogPluginManager: Mounting plugin UdpMessaging
LogPluginManager: Mounting plugin ActorSequence
LogPluginManager: Mounting plugin LevelSequenceEditor
LogPluginManager: Mounting plugin MatineeToLevelSequence
LogPluginManager: Mounting plugin OnlineSubsystemGooglePlay
LogPluginManager: Mounting plugin OnlineSubsystemIOS
LogPluginManager: Mounting plugin OnlineSubsystem
LogPluginManager: Mounting plugin OnlineSubsystemNull
LogPluginManager: Mounting plugin OnlineSubsystemUtils
LogPluginManager: Mounting plugin AndroidDeviceProfileSelector
LogPluginManager: Mounting plugin AndroidMoviePlayer
LogPluginManager: Mounting plugin AndroidPermission
LogPluginManager: Mounting plugin AppleARKit
LogPluginManager: Mounting plugin AppleMoviePlayer
LogPluginManager: Mounting plugin ArchVisCharacter
LogPluginManager: Mounting plugin CableComponent
LogPluginManager: Mounting plugin CustomMeshComponent
LogPluginManager: Mounting plugin ExampleDeviceProfileSelector
LogPluginManager: Mounting plugin GoogleCloudMessaging
LogPluginManager: Mounting plugin ImmediatePhysics
LogPluginManager: Mounting plugin IOSDeviceProfileSelector
LogPluginManager: Mounting plugin LinuxDeviceProfileSelector
LogPluginManager: Mounting plugin LocationServicesBPLibrary
LogPluginManager: Mounting plugin MobilePatchingUtils
LogPluginManager: Mounting plugin OculusVR
LogPluginManager: Plugin shader directory ../../../Engine/Plugins/Runtime/Oculus/OculusVR/Shaders found
LogPluginManager: Mapping shader source directory ../../../Engine/Plugins/Runtime/Oculus/OculusVR/Shaders to virtual directory /Plugin/OculusVR
LogPluginManager: Mounting plugin PhysXVehicles
LogPluginManager: Mounting plugin ProceduralMeshComponent
LogPluginManager: Mounting plugin RuntimePhysXCooking
LogPluginManager: Mounting plugin SteamVR
LogPluginManager: Mounting plugin WindowsMoviePlayer
LogInit: Using libcurl 7.47.1
LogInit:  - built for x86_64-pc-win32
LogInit:  - supports SSL with OpenSSL/1.0.2g
LogInit:  - supports HTTP deflate (compression) using libz 1.2.8
LogInit:  - other features:
LogInit:      CURL_VERSION_SSL
LogInit:      CURL_VERSION_LIBZ
LogInit:      CURL_VERSION_IPV6
LogInit:      CURL_VERSION_ASYNCHDNS
LogInit:      CURL_VERSION_LARGEFILE
LogInit:      CURL_VERSION_IDN
LogInit:  CurlRequestOptions (configurable via config and command line):
LogInit:  - bVerifyPeer = false  - Libcurl will NOT verify peer certificate
LogInit:  - bUseHttpProxy = false  - Libcurl will NOT use HTTP proxy
LogInit:  - bDontReuseConnections = false  - Libcurl will reuse connections
LogInit:  - CertBundlePath = nullptr  - Libcurl will use whatever was configured at build time.
LogInit: Build: ++UE4+Release-4.18-CL-3794801
LogInit: Engine Version: 4.18.2-3794801+++UE4+Release-4.18
LogInit: Compatible Engine Version: 4.18.0-3709383+++UE4+Release-4.18
LogInit: Net CL: 3709383
LogDevObjectVersion: Number of dev versions registered: 16
LogDevObjectVersion:   Dev-Blueprints (B0D832E4-1F89-4F0D-ACCF-7EB736FD4AA2): 10
LogDevObjectVersion:   Dev-Build (E1C64328-A22C-4D53-A36C-8E866417BD8C): 0
LogDevObjectVersion:   Dev-Core (375EC13C-06E4-48FB-B500-84F0262A717E): 2
LogDevObjectVersion:   Dev-Editor (E4B068ED-F494-42E9-A231-DA0B2E46BB41): 20
LogDevObjectVersion:   Dev-Framework (CFFC743F-43B0-4480-9391-14DF171D2073): 30
LogDevObjectVersion:   Dev-Mobile (B02B49B5-BB20-44E9-A304-32B752E40360): 0
LogDevObjectVersion:   Dev-Networking (A4E4105C-59A1-49B5-A7C5-40C4547EDFEE): 0
LogDevObjectVersion:   Dev-Online (39C831C9-5AE6-47DC-9A44-9C173E1C8E7C): 0
LogDevObjectVersion:   Dev-Physics (78F01B33-EBEA-4F98-B9B4-84EACCB95AA2): 0
LogDevObjectVersion:   Dev-Platform (6631380F-2D4D-43E0-8009-CF276956A95A): 0
LogDevObjectVersion:   Dev-Rendering (12F88B9F-8875-4AFC-A67C-D90C383ABD29): 20
LogDevObjectVersion:   Dev-Sequencer (7B5AE74C-D270-4C10-A958-57980B212A5A): 4
LogDevObjectVersion:   Dev-VR (D7296918-1DD6-4BDD-9DE2-64A83CC13884): 0
LogDevObjectVersion:   Dev-LoadTimes (C2A15278-BFE7-4AFE-6C17-90FF531DF755): 1
LogDevObjectVersion:   Private-Geometry (6EACA3D4-40EC-4CC1-B786-8BED09428FC5): 1
LogDevObjectVersion:   Dev-AnimPhys (29E575DD-E0A3-4627-9D10-D276232CDCEA): 12
LogInit: Compiled (64-bit): Dec  8 2017 02:04:53
LogInit: Compiled with Visual C++: 19.00.24215.01
LogInit: Build Configuration: Development
LogInit: Branch Name: ++UE4+Release-4.18
LogInit: Command line:  
LogInit: Base directory: C:/Program Files/Epic Games/UE_4.18/Engine/Binaries/Win64/
LogInit: Installed Engine Build: 1
LogInit: Presizing for max 8388607 objects, including 0 objects not considered by GC, pre-allocating 0 bytes for permanent pool.
LogInit: Object subsystem initialized
[2018.01.27-10.51.30:916][  0]LogInit: Selected Device Profile: [Windows]
[2018.01.27-10.51.30:916][  0]LogInit: Applying CVar settings loaded from the selected device profile: [Windows]
[2018.01.27-10.51.30:934][  0]LogInit: Computer: LAPTOP-GU3S6S0I
[2018.01.27-10.51.30:934][  0]LogInit: User: MatheusDantas
[2018.01.27-10.51.30:934][  0]LogInit: CPU Page size=4096, Cores=4
[2018.01.27-10.51.30:934][  0]LogInit: High frequency timer resolution =2.742189 MHz
[2018.01.27-10.51.30:935][  0]LogMemory: Memory total: Physical=7.9GB (8GB approx)
[2018.01.27-10.51.30:935][  0]LogMemory: Platform Memory Stats for Windows
[2018.01.27-10.51.30:935][  0]LogMemory: Process Physical Memory: 272.60 MB used, 272.60 MB peak
[2018.01.27-10.51.30:935][  0]LogMemory: Process Virtual Memory: 263.86 MB used, 263.86 MB peak
[2018.01.27-10.51.30:935][  0]LogMemory: Physical Memory: 5494.93 MB used,  2610.69 MB free, 8105.62 MB total
[2018.01.27-10.51.30:935][  0]LogMemory: Virtual Memory: 671.56 MB used,  2610.69 MB free, 134217728.00 MB total
[2018.01.27-10.51.32:015][  0]LogInit: Using OS detected language (pt-BR).
[2018.01.27-10.51.32:015][  0]LogInit: Using OS detected locale (pt-BR).
[2018.01.27-10.51.32:222][  0]LogInit: Setting process to per monitor DPI aware
[2018.01.27-10.51.32:662][  0]LogD3D11RHI: D3D11 adapters:
[2018.01.27-10.51.32:728][  0]LogD3D11RHI:    0. 'NVIDIA GeForce GTX 1050' (Feature Level 11_0)
[2018.01.27-10.51.32:728][  0]LogD3D11RHI:       4021/0/4052 MB DedicatedVideo/DedicatedSystem/SharedSystem, Outputs:1, VendorId:0x10de
[2018.01.27-10.51.32:742][  0]LogD3D11RHI:    1. 'Intel(R) HD Graphics 630' (Feature Level 11_0)
[2018.01.27-10.51.32:742][  0]LogD3D11RHI:       128/0/4052 MB DedicatedVideo/DedicatedSystem/SharedSystem, Outputs:0, VendorId:0x8086
[2018.01.27-10.51.32:745][  0]LogD3D11RHI:    2. 'Microsoft Basic Render Driver' (Feature Level 11_0)
[2018.01.27-10.51.32:745][  0]LogD3D11RHI:       0/0/4052 MB DedicatedVideo/DedicatedSystem/SharedSystem, Outputs:0, VendorId:0x1414
[2018.01.27-10.51.32:745][  0]LogD3D11RHI: Chosen D3D11 Adapter: 0
[2018.01.27-10.51.32:755][  0]LogD3D11RHI: Creating new Direct3DDevice
[2018.01.27-10.51.32:755][  0]LogD3D11RHI:     GPU DeviceId: 0x1c8d (for the marketing name, search the web for "GPU Device Id")
[2018.01.27-10.51.32:755][  0]LogWindows: EnumDisplayDevices:
[2018.01.27-10.51.32:755][  0]LogWindows:    0. 'Intel(R) HD Graphics 630' (P:1 D:1)
[2018.01.27-10.51.32:755][  0]LogWindows:    1. 'Intel(R) HD Graphics 630' (P:0 D:0)
[2018.01.27-10.51.32:756][  0]LogWindows:    2. 'Intel(R) HD Graphics 630' (P:0 D:0)
[2018.01.27-10.51.32:756][  0]LogWindows: DebugString: GetVideoDriverDetailsInvalid PrimaryIsNotTheChoosenAdapter GetVideoDriverDetailsInvalid PrimaryIsNotTheChoosenAdapter GetVideoDriverDetailsInvalid PrimaryIsNotTheChoosenAdapter FoundDriverCount:0 
[2018.01.27-10.51.32:756][  0]LogD3D11RHI:     Adapter Name: NVIDIA GeForce GTX 1050
[2018.01.27-10.51.32:756][  0]LogD3D11RHI:   Driver Version: Unknown (internal:Unknown, unified:Unknown)
[2018.01.27-10.51.32:756][  0]LogD3D11RHI:      Driver Date: Unknown
[2018.01.27-10.51.32:756][  0]LogRHI: Texture pool is 2814 MB (70% of 4021 MB)
[2018.01.27-10.51.32:805][  0]LogD3D11RHI: Async texture creation enabled
[2018.01.27-10.51.32:828][  0]LogD3D11RHI: GPU Timing Frequency: 1000.000000 (Debug: 2 2)
[2018.01.27-10.51.32:829][  0]LogShaderCompilers: Guid format shader working directory is -12 characters bigger than the processId version (../../../../../../Users/Matheus Dantas/Desktop/GameJamC-137/TheMaze/Intermediate/Shaders/WorkingDirectory/1320/).
[2018.01.27-10.51.32:829][  0]LogShaderCompilers: Cleaned the shader compiler working directory 'C:/Users/Matheus Dantas/AppData/Local/Temp/UnrealShaderWorkingDir/95B7C5544FE69228CC47EE98C023971F/'.
[2018.01.27-10.51.32:829][  0]LogShaderCompilers: Display: Using Local Shader Compiler.
[2018.01.27-10.51.34:642][  0]LogTemp: Display: Loaded TP AllDesktopTargetPlatform
[2018.01.27-10.51.34:762][  0]LogTemp: Display: Loaded TP MacClientTargetPlatform
[2018.01.27-10.51.34:888][  0]LogTemp: Display: Loaded TP MacNoEditorTargetPlatform
[2018.01.27-10.51.35:004][  0]LogTemp: Display: Loaded TP MacServerTargetPlatform
[2018.01.27-10.51.35:134][  0]LogTemp: Display: Loaded TP MacTargetPlatform
[2018.01.27-10.51.35:285][  0]LogTemp: Display: Loaded TP WindowsClientTargetPlatform
[2018.01.27-10.51.35:442][  0]LogTemp: Display: Loaded TP WindowsNoEditorTargetPlatform
[2018.01.27-10.51.35:571][  0]LogTemp: Display: Loaded TP WindowsServerTargetPlatform
[2018.01.27-10.51.35:695][  0]LogTemp: Display: Loaded TP WindowsTargetPlatform
[2018.01.27-10.51.35:836][  0]LogTemp: Display: Loaded TP Android_ASTCTargetPlatform
[2018.01.27-10.51.35:958][  0]LogTemp: Display: Loaded TP Android_ATCTargetPlatform
[2018.01.27-10.51.36:100][  0]LogTemp: Display: Loaded TP Android_DXTTargetPlatform
[2018.01.27-10.51.36:213][  0]LogTemp: Display: Loaded TP Android_ETC1TargetPlatform
[2018.01.27-10.51.36:344][  0]LogTemp: Display: Loaded TP Android_ETC2TargetPlatform
[2018.01.27-10.51.36:592][  0]LogTemp: Display: Loaded TP Android_MultiTargetPlatform
[2018.01.27-10.51.36:592][  0]LogTemp: Display: Loaded TP Android_PVRTCTargetPlatform
[2018.01.27-10.51.36:722][  0]LogTemp: Display: Loaded TP AndroidTargetPlatform
[2018.01.27-10.51.36:826][  0]LogTemp: Display: Loaded TP HTML5TargetPlatform
[2018.01.27-10.51.37:008][  0]LogTemp: Display: Loaded TP IOSTargetPlatform
[2018.01.27-10.51.37:081][  0]LogTemp: Display: Loaded TP TVOSTargetPlatform
[2018.01.27-10.51.37:241][  0]LogTemp: Display: Loaded TP LinuxClientTargetPlatform
[2018.01.27-10.51.37:379][  0]LogTemp: Display: Loaded TP LinuxNoEditorTargetPlatform
[2018.01.27-10.51.37:523][  0]LogTemp: Display: Loaded TP LinuxServerTargetPlatform
[2018.01.27-10.51.37:669][  0]LogTemp: Display: Loaded TP LinuxTargetPlatform
[2018.01.27-10.51.37:670][  0]LogTargetPlatformManager: Display: Building Assets For Windows
[2018.01.27-10.51.38:901][  0]LogDerivedDataCache: Display: Max Cache Size: 512 MB
[2018.01.27-10.51.38:986][  0]LogDerivedDataCache: Loaded boot cache 0.09s 78MB C:/Users/Matheus Dantas/AppData/Local/UnrealEngine/4.18/DerivedDataCache/Boot.ddc.
[2018.01.27-10.51.38:986][  0]LogDerivedDataCache: Display: Loaded Boot cache: C:/Users/Matheus Dantas/AppData/Local/UnrealEngine/4.18/DerivedDataCache/Boot.ddc
[2018.01.27-10.51.38:986][  0]LogDerivedDataCache: FDerivedDataBackendGraph:  Pak pak cache file ../../../../../../Users/Matheus Dantas/Desktop/GameJamC-137/TheMaze/DerivedDataCache/DDC.ddp not found, will not use a pak cache.
[2018.01.27-10.51.38:986][  0]LogDerivedDataCache: Unable to find inner node Pak for hierarchical cache Hierarchy.
[2018.01.27-10.51.38:987][  0]LogDerivedDataCache: FDerivedDataBackendGraph:  CompressedPak pak cache file ../../../../../../Users/Matheus Dantas/Desktop/GameJamC-137/TheMaze/DerivedDataCache/Compressed.ddp not found, will not use a pak cache.
[2018.01.27-10.51.38:987][  0]LogDerivedDataCache: Unable to find inner node CompressedPak for hierarchical cache Hierarchy.
[2018.01.27-10.51.39:008][  0]LogDerivedDataCache: Display: Pak cache opened for reading ../../../Engine/DerivedDataCache/Compressed.ddp.
[2018.01.27-10.51.39:094][  0]LogDerivedDataCache: Using Local data cache path C:/Users/Matheus Dantas/AppData/Local/UnrealEngine/Common/DerivedDataCache: Writable
[2018.01.27-10.51.39:106][  0]LogMaterial: Verifying Global Shaders for PCD3D_SM5
[2018.01.27-10.51.39:106][  0]LogSlate: Using Freetype 2.6.0
[2018.01.27-10.51.39:107][  0]LogSlate: SlateFontCache - WITH_FREETYPE: 1, WITH_HARFBUZZ: 1
[2018.01.27-10.51.39:107][  0]LogSlate: SlateFontCache - WITH_FREETYPE: 1, WITH_HARFBUZZ: 1
[2018.01.27-10.51.39:619][  0]LogInit: Selected Device Profile: [Windows]
[2018.01.27-10.51.40:330][  0]LogSimplygon: Simplygon DLL not present - disabling.
[2018.01.27-10.51.40:463][  0]LogMeshReduction: Using SimplygonSwarm for distributed automatic mesh merging
[2018.01.27-10.51.40:463][  0]LogMeshReduction: Using QuadricMeshReduction for automatic static mesh reduction
[2018.01.27-10.51.40:463][  0]LogMeshReduction: No automatic skeletal mesh reduction module available
[2018.01.27-10.51.40:463][  0]LogMeshReduction: No automatic mesh merging module available
[2018.01.27-10.51.40:463][  0]LogMeshMerging: No automatic mesh merging module available
[2018.01.27-10.51.40:504][  0]LogNetVersion: TheMaze , NetCL: 3709383, EngineNetVer: 2, GameNetVer: 0 (Checksum: 3710529420)
[2018.01.27-10.51.40:819][  0]LogAssetRegistry: FAssetRegistry took 0.0271 seconds to start up
[2018.01.27-10.51.41:682][  0]LogPackageLocalizationCache: Processed 7 localized package path(s) for 2 prioritized culture(s) in 0.138261 seconds
[2018.01.27-10.51.41:689][  0]LogUObjectArray: 35900 objects as part of root set at end of initial load.
[2018.01.27-10.51.41:689][  0]LogUObjectAllocator: 7372024 out of 0 bytes used by permanent object pool.
[2018.01.27-10.51.41:689][  0]LogUObjectArray: CloseDisregardForGC: 0/0 objects in disregard for GC pool
[2018.01.27-10.51.41:830][  0]LogInit: WinSock: version 1.1 (2.2), MaxSocks=32767, MaxUdp=65467
[2018.01.27-10.51.47:604][  0]LogTcpMessaging: Initializing TcpMessaging bridge
[2018.01.27-10.51.47:689][  0]LogUdpMessaging: Initializing bridge on interface 0.0.0.0:0 to multicast group 230.0.0.1:6666.
[2018.01.27-10.51.49:183][  0]LogMaterial: Uniform references updated for custom material expression Custom.
[2018.01.27-10.51.50:123][  0]SourceControl: Controle de origem desativado
[2018.01.27-10.51.50:124][  0]SourceControl: Controle de origem desativado
[2018.01.27-10.51.50:246][  0]SourceControl: Controle de origem desativado
[2018.01.27-10.51.50:375][  0]SourceControl: Controle de origem desativado
[2018.01.27-10.51.52:427][  0]LogAndroidPermission: UAndroidPermissionCallbackProxy::GetInstance
[2018.01.27-10.51.53:070][  0]LogOcInput: OculusInput pre-init called
[2018.01.27-10.51.53:772][  0]LogEngine: Initializing Engine...
[2018.01.27-10.51.53:774][  0]LogHMD: Failed to initialize OpenVR with code 110
[2018.01.27-10.51.54:030][  0]LogStats: UGameplayTagsManager::ConstructGameplayTagTree: Construct from data asset -  0.000 s
[2018.01.27-10.51.54:030][  0]LogStats: UGameplayTagsManager::ConstructGameplayTagTree: GameplayTagTreeChangedEvent.Broadcast -  0.000 s
[2018.01.27-10.51.54:339][  0]LogAIModule: Creating AISystem for world Untitled
[2018.01.27-10.51.54:349][  0]LogInit: XAudio2 using 'Alto-falantes (Realtek High Definition Audio)' : 2 channels at 48 kHz using 16 bits per sample (channel mask 0x3)
[2018.01.27-10.51.54:393][  0]LogInit: FAudioDevice initialized.
[2018.01.27-10.51.54:583][  0]LogDerivedDataCache: Saved boot cache 0.19s 78MB C:/Users/Matheus Dantas/AppData/Local/UnrealEngine/4.18/DerivedDataCache/Boot.ddc.
[2018.01.27-10.51.54:604][  0]LogInit: Texture streaming: Enabled
[2018.01.27-10.51.54:840][  0]LogEngineSessionManager: EngineSessionManager initialized
[2018.01.27-10.51.55:151][  0]LogInit: Transaction tracking system initialized
[2018.01.27-10.51.55:969][  0]BlueprintLog: New page: Carregar Editor
[2018.01.27-10.51.58:196][  0]LocalizationService: Localization service is disabled
[2018.01.27-10.52.00:009][  0]LogConsoleResponse: Display: 
[2018.01.27-10.52.00:306][  0]LogCook: Display: Max memory allowance for cook 16384mb min free memory 0mb
[2018.01.27-10.52.00:306][  0]LogCook: Display: Mobile HDR setting 1
[2018.01.27-10.52.00:306][  0]LogGameplayTags: Display: UGameplayTagsManager::DoneAddingNativeTags. DelegateIsBound: 0
[2018.01.27-10.52.01:189][  0]LogFileCache: Scanning file cache for directory 'C:/Users/Matheus Dantas/Desktop/GameJamC-137/TheMaze/Content/' took 0.01s
[2018.01.27-10.52.03:188][  0]SourceControl: Controle de origem desativado
[2018.01.27-10.52.03:188][  0]Cmd: MAP LOAD FILE="../../../Engine/Content/Maps/Templates/Template_Default.umap" TEMPLATE=1 SHOWPROGRESS=1 FEATURELEVEL=3
[2018.01.27-10.52.03:188][  0]LightingResults: New page: Compilação de Iluminação
[2018.01.27-10.52.03:295][  0]MapCheck: New page: Verificação de Mapa
[2018.01.27-10.52.03:295][  0]LightingResults: New page: Compilação de Iluminação
[2018.01.27-10.52.03:609][  0]LogAIModule: Creating AISystem for world Untitled_1
[2018.01.27-10.52.03:616][  0]LogEditorServer: Finished looking for orphan Actors (0.000 secs)
[2018.01.27-10.52.03:630][  0]Cmd: MAP CHECKDEP NOCLEARLOG
[2018.01.27-10.52.03:722][  0]MapCheck: Map check complete: 0 Error(s), 0 Warning(s), took 91,7ms to complete.
[2018.01.27-10.52.03:722][  0]LogFileHelpers: Loading map 'Template_Default' took 0.534
[2018.01.27-10.52.03:928][  0]LogCollectionManager: Loaded 0 collections in 0.003835 seconds
[2018.01.27-10.52.04:063][  0]LogFileCache: Scanning file cache for directory 'C:/Users/Matheus Dantas/Desktop/GameJamC-137/TheMaze/Saved/Collections/' took 0.01s
[2018.01.27-10.52.04:063][  0]LogFileCache: Scanning file cache for directory 'C:/Users/Matheus Dantas/Desktop/GameJamC-137/TheMaze/Content/Developers/MatheusDantas/Collections/' took 0.01s
[2018.01.27-10.52.04:063][  0]LogFileCache: Scanning file cache for directory 'C:/Users/Matheus Dantas/Desktop/GameJamC-137/TheMaze/Content/Collections/' took 0.01s
[2018.01.27-10.52.04:063][  0]LogCollectionManager: Rebuilt the GUID cache for 0 collections in 0.000001 seconds
[2018.01.27-10.52.04:073][  0]LogContentBrowser: Native class hierarchy populated in 0.0093 seconds. Added 2363 classes and 519 folders.
[2018.01.27-10.52.04:223][  0]LogContentBrowser: Native class hierarchy updated for 'WidgetCarousel' in 0.0003 seconds. Added 0 classes and 0 folders.
[2018.01.27-10.52.04:290][  0]LogContentBrowser: Native class hierarchy updated for 'AddContentDialog' in 0.0003 seconds. Added 0 classes and 0 folders.
[2018.01.27-10.52.04:400][  0]LogContentBrowser: Native class hierarchy updated for 'SceneOutliner' in 0.0003 seconds. Added 1 classes and 2 folders.
[2018.01.27-10.52.05:775][  0]LogSlate: Only BGRA pngs, bmps or icos are supported in by External Image Picker
[2018.01.27-10.52.05:799][  0]LogSlate: Took 0.000324 seconds to synchronously load lazily loaded font '../../../Engine/Content/Slate/Fonts/Roboto-Regular.ttf' (155K)
[2018.01.27-10.52.05:804][  0]LogSlate: Took 0.000487 seconds to synchronously load lazily loaded font '../../../Engine/Content/Slate/Fonts/Roboto-Bold.ttf' (160K)
[2018.01.27-10.52.05:814][  0]LogSlate: Took 0.000286 seconds to synchronously load lazily loaded font '../../../Engine/Content/Editor/Slate/Fonts/FontAwesome.ttf' (139K)
[2018.01.27-10.52.05:982][  0]LogTemp: Executing iPhonePackager certificates Engine -bundlename com.YourCompany.TheMaze
[2018.01.27-10.52.05:982][  0]LogTemp: CWD: C:\Program Files\Epic Games\UE_4.18\Engine\Binaries\DotNET\IOS
[2018.01.27-10.52.05:982][  0]LogTemp: Initial Dir: C:\Program Files\Epic Games\UE_4.18
[2018.01.27-10.52.05:982][  0]LogTemp: Env CWD: C:\Program Files\Epic Games\UE_4.18\Engine\Binaries\DotNET\IOS
[2018.01.27-10.52.05:983][  0]LogTemp: BranchPath = LAPTOP-GU3S6S0I/C/Program Files/Epic Games/UE_4.18/Engine/Binaries --- GameBranchPath = LAPTOP-GU3S6S0I/C/Program Files/Epic Games/UE_4.18/Engine/Binaries
[2018.01.27-10.52.05:983][  0]LogTemp: IPP ERROR: Could not find provision directory 'C:\Users\Matheus Dantas\AppData\Local/Apple Computer/MobileDevice/Provisioning Profiles/'.
[2018.01.27-10.52.05:983][  0]LogRenderer: Reallocating scene render targets to support 1208x600 Format 10 NumSamples 1 (Frame:1).
[2018.01.27-10.52.06:297][  0]LogContentBrowser: Native class hierarchy updated for 'HierarchicalLODOutliner' in 0.0003 seconds. Added 1 classes and 2 folders.
[2018.01.27-10.52.06:297][  0]LogLoad: (Engine Initialization) Total time: 39.51 seconds
[2018.01.27-10.52.06:297][  0]LogLoad: (Engine Initialization) Total Blueprint compile time: 0.00 seconds
[2018.01.27-10.52.06:297][  0]LogExternalProfiler: No external profilers were discovered.  External profiling features will not be available.
[2018.01.27-10.52.06:659][  0]LogContentStreaming: Texture pool size now 3000 MB
[2018.01.27-10.52.06:670][  0]LogSlate: Took 0.000327 seconds to synchronously load lazily loaded font '../../../Engine/Content/Slate/Fonts/Roboto-Light.ttf' (159K)
[2018.01.27-10.52.06:977][  1]LogAssetRegistry: Asset discovery search completed in 26.1801 seconds
[2018.01.27-10.52.06:978][  1]LogCollectionManager: Rebuilt the object cache for 0 collections in 0.000000 seconds (found 0 objects)
[2018.01.27-10.52.06:978][  1]LogCollectionManager: Fixed up redirectors for 0 collections in 0.000049 seconds (updated 0 objects)
[2018.01.27-10.52.27:598][176]LogSlate: Took 0.000190 seconds to synchronously load lazily loaded font '../../../Engine/Content/Slate/Fonts/Roboto-Light.ttf' (159K)
[2018.01.27-10.52.44:122][552]LogTemp: Repeating last play command: Selected Viewport
[2018.01.27-10.52.44:585][552]LogPlayLevel: PlayLevel: No blueprints needed recompiling
[2018.01.27-10.52.44:620][552]PIE: New page: Sessão de PIE : Untitled_1 (27/01/2018 04:52:44)
[2018.01.27-10.52.44:620][552]LogPlayLevel: Creating play world package: /Temp/UEDPIE_0_Untitled_1
[2018.01.27-10.52.44:628][552]LogPlayLevel: PIE: StaticDuplicateObject took: (0.008280s)
[2018.01.27-10.52.44:629][552]LogAIModule: Creating AISystem for world Untitled_1
[2018.01.27-10.52.44:629][552]LogPlayLevel: PIE: World Init took: (0.001061s)
[2018.01.27-10.52.44:629][552]LogPlayLevel: PIE: Created PIE world by copying editor world from /Temp/Untitled_1.Untitled_1 to /Temp/UEDPIE_0_Untitled_1.Untitled_1 (0.009693s)
[2018.01.27-10.52.44:641][552]LogInit: XAudio2 using 'Alto-falantes (Realtek High Definition Audio)' : 2 channels at 48 kHz using 16 bits per sample (channel mask 0x3)
[2018.01.27-10.52.44:654][552]LogInit: FAudioDevice initialized.
[2018.01.27-10.52.44:702][552]LogLoad: Game class is 'GameModeBase'
[2018.01.27-10.52.44:705][552]LogWorld: Bringing World /Temp/UEDPIE_0_Untitled_1.Untitled_1 up for play (max tick rate 60) at 2018.01.27-07.52.44
[2018.01.27-10.52.44:705][552]LogWorld: Bringing up level for play took: 0.000877
[2018.01.27-10.52.44:802][552]LogContentBrowser: Native class hierarchy updated for 'MovieSceneCapture' in 0.0003 seconds. Added 11 classes and 0 folders.
[2018.01.27-10.52.44:803][552]PIE: Momento de início de reprodução no editor para /Temp/UEDPIE_0_Untitled_1 0,012
[2018.01.27-10.52.50:869][731]LogEditorViewport: Clicking on Actor (LMB): StaticMeshActor (Floor)
[2018.01.27-10.52.51:333][732]LogEditorViewport: Clicking on Actor (LMB): StaticMeshActor (Floor)
[2018.01.27-10.52.56:351][878]LogEditorViewport: Clicking on Actor (LMB): BP_Sky_Sphere_C (Sky Sphere)
[2018.01.27-10.52.57:651][916]LogEditorViewport: Clicking on Actor (LMB): BP_Sky_Sphere_C (Sky Sphere)
[2018.01.27-10.52.57:834][920]LogEditorViewport: Clicking on Component (LMB): StaticMeshComponent (Sky Sphere mesh)
[2018.01.27-10.52.58:167][930]LogEditorViewport: Clicking on Component (LMB): StaticMeshComponent (Sky Sphere mesh)
[2018.01.27-10.52.58:817][949]LogEditorViewport: Clicking on Component (LMB): StaticMeshComponent (Sky Sphere mesh)
[2018.01.27-10.52.58:931][951]LogEditorViewport: Clicking on Actor (double click): BP_Sky_Sphere_C (Sky Sphere)
[2018.01.27-10.52.59:417][966]LogEditorViewport: Clicking on Actor (LMB): BP_Sky_Sphere_C (Sky Sphere)
[2018.01.27-10.52.59:532][968]LogEditorViewport: Clicking on Component (LMB): StaticMeshComponent (Sky Sphere mesh)
[2018.01.27-10.52.59:883][979]LogEditorViewport: Clicking on Component (LMB): StaticMeshComponent (Sky Sphere mesh)
[2018.01.27-10.53.00:101][985]LogEditorViewport: Clicking on Component (LMB): StaticMeshComponent (Sky Sphere mesh)
[2018.01.27-10.53.00:283][990]LogEditorViewport: Clicking on Actor (double click): BP_Sky_Sphere_C (Sky Sphere)
[2018.01.27-10.53.00:533][997]LogEditorViewport: Clicking on Actor (LMB): BP_Sky_Sphere_C (Sky Sphere)
[2018.01.27-10.53.00:633][998]LogEditorViewport: Clicking on Component (LMB): StaticMeshComponent (Sky Sphere mesh)
[2018.01.27-10.53.00:883][  6]LogEditorViewport: Clicking on Component (LMB): StaticMeshComponent (Sky Sphere mesh)
[2018.01.27-10.53.01:599][ 27]LogEditorViewport: Clicking on Component (LMB): StaticMeshComponent (Sky Sphere mesh)
[2018.01.27-10.53.01:676][ 27]LogEditorViewport: Clicking on Actor (double click): BP_Sky_Sphere_C (Sky Sphere)
[2018.01.27-10.53.01:933][ 36]LogEditorViewport: Clicking on Actor (LMB): BP_Sky_Sphere_C (Sky Sphere)
[2018.01.27-10.53.13:349][252]LogSlate: Took 0.000210 seconds to synchronously load lazily loaded font '../../../Engine/Content/Slate/Fonts/Roboto-Light.ttf' (159K)
[2018.01.27-10.53.23:079][431]LogContentBrowser: Native class hierarchy updated for 'BlueprintGraph' in 0.0009 seconds. Added 116 classes and 0 folders.
[2018.01.27-10.53.23:844][431]LogSlate: Took 0.000216 seconds to synchronously load lazily loaded font '../../../Engine/Content/Slate/Fonts/Roboto-Regular.ttf' (155K)
[2018.01.27-10.53.28:317][521]LogSlate: Warning: Prevented a slow task dialog from being summoned while a context menu was open
[2018.01.27-10.53.31:674][598]LogTemp: Repeating last play command: Selected Viewport
[2018.01.27-10.53.31:702][598]LogPlayLevel: PlayLevel: No blueprints needed recompiling
[2018.01.27-10.53.31:702][598]PIE: New page: Sessão de PIE : Untitled_1 (27/01/2018 04:53:31)
[2018.01.27-10.53.31:702][598]LogPlayLevel: Creating play world package: /Temp/UEDPIE_0_Untitled_1
[2018.01.27-10.53.31:710][598]LogPlayLevel: PIE: StaticDuplicateObject took: (0.007870s)
[2018.01.27-10.53.31:711][598]LogAIModule: Creating AISystem for world Untitled_1
[2018.01.27-10.53.31:711][598]LogPlayLevel: PIE: World Init took: (0.000710s)
[2018.01.27-10.53.31:711][598]LogPlayLevel: PIE: Created PIE world by copying editor world from /Temp/Untitled_1.Untitled_1 to /Temp/UEDPIE_0_Untitled_1.Untitled_1 (0.008836s)
[2018.01.27-10.53.31:738][598]LogInit: XAudio2 using 'Alto-falantes (Realtek High Definition Audio)' : 2 channels at 48 kHz using 16 bits per sample (channel mask 0x3)
[2018.01.27-10.53.31:754][598]LogInit: FAudioDevice initialized.
[2018.01.27-10.53.31:788][598]LogLoad: Game class is 'FirstPersonGameMode_C'
[2018.01.27-10.53.31:790][598]LogWorld: Bringing World /Temp/UEDPIE_0_Untitled_1.Untitled_1 up for play (max tick rate 0) at 2018.01.27-07.53.31
[2018.01.27-10.53.31:790][598]LogWorld: Bringing up level for play took: 0.000625
[2018.01.27-10.53.31:937][598]PIE: Momento de início de reprodução no editor para /Temp/UEDPIE_0_Untitled_1 1,146
[2018.01.27-10.53.51:283][105]LogSlate: Took 0.017220 seconds to synchronously load lazily loaded font '../../../Engine/Content/Editor/Slate/Fonts/Roboto-BoldCondensed.ttf' (158K)
[2018.01.27-10.54.01:654][363]LogLinker: Warning: Não é possível encontrar o arquivo “/Game/NewMap_BuiltData”
[2018.01.27-10.54.01:654][363]LogLinker: Warning: Não é possível encontrar o arquivo do ativo “../../../../../../Users/Matheus Dantas/Desktop/GameJamC-137/TheMaze/Content/NewMap.umap” ao carregar /Game/NewMap_BuiltData.
[2018.01.27-10.54.01:654][363]LoadErrors: Error: /Game/NewMap : Não é possível encontrar o arquivo do ativo. /Game/NewMap_BuiltData
[2018.01.27-10.54.01:657][363]LogLinker: Warning: Não é possível encontrar o arquivo “/Game/NewMap_BuiltData”
[2018.01.27-10.54.01:657][363]LogLinker: Warning: Não é possível encontrar o arquivo do ativo “../../../../../../Users/Matheus Dantas/Desktop/GameJamC-137/TheMaze/Content/NewMap.umap” ao carregar /Game/NewMap_BuiltData.
[2018.01.27-10.54.01:664][363]LogLinker: Warning: Não é possível encontrar o arquivo “/Game/NewMap_BuiltData”
[2018.01.27-10.54.01:665][363]LoadErrors: Falha ao carregar /Game/NewMap_BuiltData.NewMap_BuiltData Referenciado por PersistentLevel
[2018.01.27-10.54.01:665][363]LogLinker: Warning: Não é possível encontrar o arquivo do ativo “NULL” ao carregar /Game/NewMap_BuiltData.
[2018.01.27-10.54.01:673][363]LogAIModule: Creating AISystem for world NewMap
[2018.01.27-10.54.11:016][401]Cmd: MAP LOAD FILE="../../../../../../Users/Matheus Dantas/Desktop/GameJamC-137/TheMaze/Content/NewMap.umap" TEMPLATE=0 SHOWPROGRESS=1 FEATURELEVEL=3
[2018.01.27-10.54.11:018][401]LightingResults: New page: Compilação de Iluminação
[2018.01.27-10.54.11:018][401]LoadErrors: New page: Carregando mapa: NewMap.umap
[2018.01.27-10.54.11:103][401]MapCheck: New page: Verificação de Mapa
[2018.01.27-10.54.11:103][401]LightingResults: New page: Compilação de Iluminação
[2018.01.27-10.54.11:216][401]LogEditorServer: Finished looking for orphan Actors (0.000 secs)
[2018.01.27-10.54.11:275][401]Cmd: MAP CHECKDEP NOCLEARLOG
[2018.01.27-10.54.11:405][401]MapCheck: Map check complete: 0 Error(s), 0 Warning(s), took 128,721ms to complete.
[2018.01.27-10.54.11:406][401]LogFileHelpers: Loading map 'NewMap' took 0.390
[2018.01.27-10.54.13:661][464]LogTemp: Repeating last play command: Selected Viewport
[2018.01.27-10.54.13:684][464]LogPlayLevel: PlayLevel: No blueprints needed recompiling
[2018.01.27-10.54.13:684][464]PIE: New page: Sessão de PIE : NewMap (27/01/2018 04:54:13)
[2018.01.27-10.54.13:684][464]LogPlayLevel: Creating play world package: /Game/UEDPIE_0_NewMap
[2018.01.27-10.54.13:692][464]LogPlayLevel: PIE: StaticDuplicateObject took: (0.007330s)
[2018.01.27-10.54.13:692][464]LogAIModule: Creating AISystem for world NewMap
[2018.01.27-10.54.13:692][464]LogPlayLevel: PIE: World Init took: (0.000596s)
[2018.01.27-10.54.13:692][464]LogPlayLevel: PIE: Created PIE world by copying editor world from /Game/NewMap.NewMap to /Game/UEDPIE_0_NewMap.NewMap (0.008150s)
[2018.01.27-10.54.13:710][464]LogInit: XAudio2 using 'Alto-falantes (Realtek High Definition Audio)' : 2 channels at 48 kHz using 16 bits per sample (channel mask 0x3)
[2018.01.27-10.54.13:722][464]LogInit: FAudioDevice initialized.
[2018.01.27-10.54.13:756][464]LogLoad: Game class is 'GameModeBase'
[2018.01.27-10.54.13:758][464]LogWorld: Bringing World /Game/UEDPIE_0_NewMap.NewMap up for play (max tick rate 0) at 2018.01.27-07.54.13
[2018.01.27-10.54.13:758][464]LogWorld: Bringing up level for play took: 0.000698
[2018.01.27-10.54.13:759][464]PIE: Momento de início de reprodução no editor para /Game/UEDPIE_0_NewMap 0,969
[2018.01.27-10.54.18:120][586]LogSlate: Warning: Prevented a slow task dialog from being summoned while a context menu was open
[2018.01.27-10.54.21:358][660]LogTemp: Repeating last play command: Selected Viewport
[2018.01.27-10.54.21:376][660]LogPlayLevel: PlayLevel: No blueprints needed recompiling
[2018.01.27-10.54.21:376][660]PIE: New page: Sessão de PIE : NewMap (27/01/2018 04:54:21)
[2018.01.27-10.54.21:376][660]LogPlayLevel: Creating play world package: /Game/UEDPIE_0_NewMap
[2018.01.27-10.54.21:381][660]LogPlayLevel: PIE: StaticDuplicateObject took: (0.005008s)
[2018.01.27-10.54.21:382][660]LogAIModule: Creating AISystem for world NewMap
[2018.01.27-10.54.21:382][660]LogPlayLevel: PIE: World Init took: (0.000791s)
[2018.01.27-10.54.21:382][660]LogPlayLevel: PIE: Created PIE world by copying editor world from /Game/NewMap.NewMap to /Game/UEDPIE_0_NewMap.NewMap (0.006090s)
[2018.01.27-10.54.21:400][660]LogInit: XAudio2 using 'Alto-falantes (Realtek High Definition Audio)' : 2 channels at 48 kHz using 16 bits per sample (channel mask 0x3)
[2018.01.27-10.54.21:414][660]LogInit: FAudioDevice initialized.
[2018.01.27-10.54.21:452][660]LogLoad: Game class is 'FirstPersonGameMode_C'
[2018.01.27-10.54.21:453][660]LogWorld: Bringing World /Game/UEDPIE_0_NewMap.NewMap up for play (max tick rate 0) at 2018.01.27-07.54.21
[2018.01.27-10.54.21:453][660]LogWorld: Bringing up level for play took: 0.000625
[2018.01.27-10.54.21:455][660]PIE: Momento de início de reprodução no editor para /Game/UEDPIE_0_NewMap 0,665
[2018.01.27-10.54.25:021][761]MapCheck: New page: Verificação de Mapa
[2018.01.27-10.54.25:108][761]Cmd: MAP REBUILD ALLVISIBLE
[2018.01.27-10.54.25:108][761]LogEditorServer: Rebuildmap Clear paths rebuilt
[2018.01.27-10.54.25:353][761]LogMaterial: Missing cached shader map for material FDebugViewModeMaterialProxy WorldGridMaterial, compiling. Is special engine material.
[2018.01.27-10.54.25:367][761]LogMaterial: Missing cached shader map for material FDebugViewModeMaterialProxy DefaultMaterial, compiling. 
[2018.01.27-10.54.25:372][761]LogMaterial: Missing cached shader map for material FDebugViewModeMaterialProxy MaterialInstanceDynamic_2, compiling. 
[2018.01.27-10.54.26:110][761]TextureStreamingBuild: Display: Compiling optional shaders took 0.802 seconds.
[2018.01.27-10.54.26:176][761]LogLevel: Display: Export Material TexCoord Scales took 0.066 seconds.
[2018.01.27-10.54.26:203][761]TextureStreamingBuild: Display: Build Texture Streaming took 0.027 seconds.
[2018.01.27-10.54.26:241][761]LightingResults: New page: Compilação de Iluminação - 27/01/2018 04:54:26
[2018.01.27-10.54.26:873][761]LogSwarmInterface: [OpenConnection] Registering TCP channel ...
[2018.01.27-10.54.27:213][761]LogSwarmInterface: [OpenConnection] Connecting to agent ...
[2018.01.27-10.54.27:295][761]LogSwarmInterface: [TryOpenConnection] Testing the Agent
[2018.01.27-10.54.29:383][761]LogSwarmInterface: [TryOpenConnection] Opening Connection to Agent
[2018.01.27-10.54.29:383][761]LogSwarmInterface: [TryOpenConnection] Local Process ID is 1320
[2018.01.27-10.54.41:120][761]LogStaticLightingSystem: Warning: No importance volume found, so the scene bounding box was used.  You can optimize your scene's quality and lighting build times by adding importance volumes.
[2018.01.27-10.54.41:131][761]LogStaticLightingSystem: Running Lightmass w/ ImmediateImport mode ENABLED
[2018.01.27-10.54.41:131][761]LogStaticLightingSystem: Running Lightmass w/ ImmediateProcess mode ENABLED
[2018.01.27-10.54.41:131][761]LogStaticLightingSystem: Running Lightmass w/ Sorting mode ENABLED
[2018.01.27-10.54.41:131][761]LogStaticLightingSystem: Running Lightmass w/ Mapping paddings ENABLED
[2018.01.27-10.54.41:131][761]LogStaticLightingSystem: Running Lightmass w/ Mapping debug paddings DISABLED
[2018.01.27-10.54.41:936][761]Cmd: MAP CHECK DONTDISPLAYDIALOG
[2018.01.27-10.54.41:936][761]MapCheck: New page: NewMap - 27/01/2018 04:54:41
[2018.01.27-10.54.42:021][761]MapCheck: Error: WorldSettings_1 O mapa precisa de recompilação de iluminação 
[2018.01.27-10.54.42:157][761]MapCheck: Map check complete: 1 Error(s), 0 Warning(s), took 220,679ms to complete.
[2018.01.27-10.54.42:180][761]LogEditorBuildUtils: Build time 0:17
[2018.01.27-10.54.42:257][761]LogMaterial: Missing cached shader map for material FLightmassMaterialRenderer DefaultMaterial, compiling. 
[2018.01.27-10.54.42:268][761]LogMaterial: Missing cached shader map for material FLightmassMaterialRenderer DefaultMaterial, compiling. 
[2018.01.27-10.54.46:639][787]Job is a success!
[2018.01.27-10.54.47:113][788]LogVolumetricLightmapImport: Imported Volumetric Lightmap in 0.043s
[2018.01.27-10.54.47:113][788]LogVolumetricLightmapImport:      Indirection Texture 16x16x16 = 0.0Mb
[2018.01.27-10.54.47:113][788]LogVolumetricLightmapImport:      BrickData 30x5x5 = 0.0Mb
[2018.01.27-10.54.47:113][788]LogVolumetricLightmapImport:      Bricks at Level
[2018.01.27-10.54.47:114][788]LogVolumetricLightmapImport:          0: 16.7% covering 100.0% of volume
[2018.01.27-10.54.47:114][788]LogVolumetricLightmapImport:          1: 16.7% covering 1.6% of volume
[2018.01.27-10.54.47:114][788]LogVolumetricLightmapImport:          2: 66.7% covering 0.1% of volume
[2018.01.27-10.54.47:374][788]LogTexture: Display: Building textures: HQ_Lightmap0_2 (AutoDXT, 64X64)
[2018.01.27-10.54.47:374][788]LogTexture: Display: Building textures: LQ_Lightmap_0_1 (DXT1, 256X256)
[2018.01.27-10.54.47:374][788]LogTexture: Display: Building textures: LQ_Lightmap_0_2 (DXT1, 64X64)
[2018.01.27-10.54.47:374][788]LogTexture: Display: Building textures: HQ_Lightmap0_1 (AutoDXT, 256X256)
[2018.01.27-10.54.47:445][788]LogTexture: Display: Building textures: ShadowMapTexture2D_1 (G8, 32X32)
[2018.01.27-10.54.47:445][788]LogTexture: Display: Building textures: ShadowMapTexture2D_0 (G8, 128X128)
[2018.01.27-10.54.47:934][788]Lightmass on LAPTOP-GU3S6S0I: 2.20 sec total, 313 ms importing, 20 ms setup, 407 ms photons, 1.22 sec processing, 0 ms extra exporting [2/2 mappings]. Threads: 8.41 sec total, 222 ms processing.
[2018.01.27-10.54.48:038][788]LogStaticLightingSystem: Illumination: 21.5 sec (163 ms encoding lightmaps, 80 ms encoding shadowmaps)
[2018.01.27-10.54.48:039][788]LogStaticLightingSystem: Lightmap texture memory:  0.1 MB (0.1 MB streaming, 0.0 MB non-streaming), 4 textures
[2018.01.27-10.54.48:039][788]LogStaticLightingSystem: Shadowmap texture memory: 0.0 MB (0.0 MB streaming, 0.0 MB non-streaming), 2 textures
[2018.01.27-10.54.49:048][788]DumpUnbuiltLightIteractions
[2018.01.27-10.54.49:048][788]Lights with unbuilt interactions: 0
[2018.01.27-10.54.49:048][788]
[2018.01.27-10.54.49:048][788]Primitives with unbuilt interactions: 0
[2018.01.27-10.54.49:055][789]Cmd: MAP CHECK NOTIFYRESULTS
[2018.01.27-10.54.49:055][789]MapCheck: New page: NewMap - 27/01/2018 04:54:49
[2018.01.27-10.54.49:179][789]MapCheck: Map check complete: 0 Error(s), 0 Warning(s), took 123,842ms to complete.
[2018.01.27-10.54.51:000][819]LogTemp: Repeating last play command: Selected Viewport
[2018.01.27-10.54.51:020][819]LogPlayLevel: PlayLevel: No blueprints needed recompiling
[2018.01.27-10.54.51:021][819]PIE: New page: Sessão de PIE : NewMap (27/01/2018 04:54:51)
[2018.01.27-10.54.51:021][819]LogPlayLevel: Creating play world package: /Game/UEDPIE_0_NewMap
[2018.01.27-10.54.51:023][819]LogPlayLevel: PIE: StaticDuplicateObject took: (0.002020s)
[2018.01.27-10.54.51:023][819]LogAIModule: Creating AISystem for world NewMap
[2018.01.27-10.54.51:024][819]LogPlayLevel: PIE: World Init took: (0.000808s)
[2018.01.27-10.54.51:024][819]LogPlayLevel: PIE: Created PIE world by copying editor world from /Game/NewMap.NewMap to /Game/UEDPIE_0_NewMap.NewMap (0.003137s)
[2018.01.27-10.54.51:071][819]LogInit: XAudio2 using 'Alto-falantes (Realtek High Definition Audio)' : 2 channels at 48 kHz using 16 bits per sample (channel mask 0x3)
[2018.01.27-10.54.51:083][819]LogInit: FAudioDevice initialized.
[2018.01.27-10.54.51:119][819]LogLoad: Game class is 'FirstPersonGameMode_C'
[2018.01.27-10.54.51:120][819]LogWorld: Bringing World /Game/UEDPIE_0_NewMap.NewMap up for play (max tick rate 0) at 2018.01.27-07.54.51
[2018.01.27-10.54.51:121][819]LogWorld: Bringing up level for play took: 0.000627
[2018.01.27-10.54.51:123][819]PIE: Momento de início de reprodução no editor para /Game/UEDPIE_0_NewMap 0,333
[2018.01.27-11.04.21:830][303]Cmd: OBJ SAVEPACKAGE PACKAGE="/Game/NewMap" FILE="../../../../../../Users/Matheus Dantas/Desktop/GameJamC-137/TheMaze/Content/NewMap.umap" SILENT=true AUTOSAVING=false KEEPDIRTY=false
[2018.01.27-11.04.22:168][303]LogSavePackage: Save=302.85ms
[2018.01.27-11.04.22:168][303]LogSavePackage: Moving '../../../../../../Users/Matheus Dantas/Desktop/GameJamC-137/TheMaze/Saved/NewMap2906CA7A471AF33A9A628AB5A882387D.tmp' to '../../../../../../Users/Matheus Dantas/Desktop/GameJamC-137/TheMaze/Content/NewMap.umap'
[2018.01.27-11.04.22:177][303]LogSavePackage: Display: Finished SavePackage ../../../../../../Users/Matheus Dantas/Desktop/GameJamC-137/TheMaze/Content/NewMap.umap
[2018.01.27-11.04.22:249][303]LogFileHelpers: Saving map 'NewMap' took 0.544
[2018.01.27-11.04.22:307][303]Cmd: OBJ SAVEPACKAGE PACKAGE="/Game/NewMap_BuiltData" FILE="../../../../../../Users/Matheus Dantas/Desktop/GameJamC-137/TheMaze/Content/NewMap_BuiltData.uasset" SILENT=true
[2018.01.27-11.04.22:334][303]LogSavePackage: Save=21.64ms
[2018.01.27-11.04.22:334][303]LogSavePackage: Moving '../../../../../../Users/Matheus Dantas/Desktop/GameJamC-137/TheMaze/Saved/NewMap_BuiltData7A1C99A346D7972B272F0C9D7C91641E.tmp' to '../../../../../../Users/Matheus Dantas/Desktop/GameJamC-137/TheMaze/Content/NewMap_BuiltData.uasset'
[2018.01.27-11.04.22:344][303]LogSavePackage: Display: Finished SavePackage ../../../../../../Users/Matheus Dantas/Desktop/GameJamC-137/TheMaze/Content/NewMap_BuiltData.uasset
[2018.01.27-11.04.22:704][304]Cmd: QUIT_EDITOR
[2018.01.27-11.04.22:770][304]LogWindowsTextInputMethodSystem: Display: IME system now deactivated.
[2018.01.27-11.04.22:788][304]LogExit: Preparing to exit.
[2018.01.27-11.04.23:151][304]LogDirectoryWatcher: A directory notification for 'C:/Users/Matheus Dantas/Desktop/GameJamC-137/TheMaze/Content/' was aborted.
[2018.01.27-11.04.23:185][304]LogExit: Editor shut down
[2018.01.27-11.04.23:196][304]LogExit: Transaction tracking system shut down
[2018.01.27-11.04.23:289][304]LogDirectoryWatcher: A directory notification for '../../../Engine/Content/' was aborted.
[2018.01.27-11.04.23:289][304]LogDirectoryWatcher: A directory notification for '../../../../../../Users/Matheus Dantas/Desktop/GameJamC-137/TheMaze/Content/' was aborted.
[2018.01.27-11.04.23:289][304]LogDirectoryWatcher: A directory notification for '../../../Engine/Plugins/2D/Paper2D/Content/' was aborted.
[2018.01.27-11.04.23:289][304]LogDirectoryWatcher: A directory notification for '../../../Engine/Plugins/Media/MediaCompositing/Content/' was aborted.
[2018.01.27-11.04.23:289][304]LogDirectoryWatcher: A directory notification for '../../../Engine/Plugins/Runtime/AppleARKit/Content/' was aborted.
[2018.01.27-11.04.23:289][304]LogDirectoryWatcher: A directory notification for '../../../Engine/Plugins/Runtime/Oculus/OculusVR/Content/' was aborted.
[2018.01.27-11.04.23:289][304]LogDirectoryWatcher: A directory notification for '../../../Engine/Plugins/Runtime/Steam/SteamVR/Content/' was aborted.
[2018.01.27-11.04.23:372][304]LogExit: Object subsystem successfully closed.
[2018.01.27-11.04.23:393][304]LogD3D11RHI: Shutdown
[2018.01.27-11.04.23:394][304]LogD3D11RHI: CleanupD3DDevice
[2018.01.27-11.04.23:398][304]LogD3D11RHI: ~FD3D11DynamicRHI
[2018.01.27-11.04.23:435][304]LogModuleManager: Shutting down and abandoning module BlueprintGraph (556)
[2018.01.27-11.04.23:435][304]LogModuleManager: Shutting down and abandoning module MovieSceneCapture (554)
[2018.01.27-11.04.23:435][304]LogModuleManager: Shutting down and abandoning module HierarchicalLODOutliner (552)
[2018.01.27-11.04.23:435][304]LogModuleManager: Shutting down and abandoning module ExternalImagePicker (550)
[2018.01.27-11.04.23:435][304]LogModuleManager: Shutting down and abandoning module SceneOutliner (548)
[2018.01.27-11.04.23:435][304]LogModuleManager: Shutting down and abandoning module AddContentDialog (546)
[2018.01.27-11.04.23:435][304]LogDirectoryWatcher: A directory notification for 'C:/Program Files/Epic Games/UE_4.18/FeaturePacks/' was aborted.
[2018.01.27-11.04.23:436][304]LogModuleManager: Shutting down and abandoning module WidgetCarousel (545)
[2018.01.27-11.04.23:436][304]LogModuleManager: Shutting down and abandoning module EditorWidgets (542)
[2018.01.27-11.04.23:436][304]LogModuleManager: Shutting down and abandoning module CollectionManager (540)
[2018.01.27-11.04.23:436][304]LogDirectoryWatcher: A directory notification for 'C:/Users/Matheus Dantas/Desktop/GameJamC-137/TheMaze/Content/Collections/' was aborted.
[2018.01.27-11.04.23:436][304]LogDirectoryWatcher: A directory notification for 'C:/Users/Matheus Dantas/Desktop/GameJamC-137/TheMaze/Content/Developers/MatheusDantas/Collections/' was aborted.
[2018.01.27-11.04.23:437][304]LogDirectoryWatcher: A directory notification for 'C:/Users/Matheus Dantas/Desktop/GameJamC-137/TheMaze/Saved/Collections/' was aborted.
[2018.01.27-11.04.23:437][304]LogModuleManager: Shutting down and abandoning module HierarchicalLODUtilities (538)
[2018.01.27-11.04.23:437][304]LogModuleManager: Shutting down and abandoning module StatsViewer (536)
[2018.01.27-11.04.23:437][304]LogModuleManager: Shutting down and abandoning module FoliageEdit (534)
[2018.01.27-11.04.23:437][304]LogModuleManager: Shutting down and abandoning module LandscapeEditor (532)
[2018.01.27-11.04.23:437][304]LogModuleManager: Shutting down and abandoning module MeshPaintMode (530)
[2018.01.27-11.04.23:437][304]LogModuleManager: Shutting down and abandoning module SceneDepthPickerMode (528)
[2018.01.27-11.04.23:437][304]LogModuleManager: Shutting down and abandoning module ActorPickerMode (526)
[2018.01.27-11.04.23:437][304]LogModuleManager: Shutting down and abandoning module GeometryMode (524)
[2018.01.27-11.04.23:437][304]LogModuleManager: Shutting down and abandoning module TextureAlignMode (522)
[2018.01.27-11.04.23:437][304]LogModuleManager: Shutting down and abandoning module BspMode (520)
[2018.01.27-11.04.23:437][304]LogModuleManager: Shutting down and abandoning module PIEPreviewDeviceProfileSelector (518)
[2018.01.27-11.04.23:437][304]LogModuleManager: Shutting down and abandoning module HardwareSurvey (516)
[2018.01.27-11.04.23:437][304]LogModuleManager: Shutting down and abandoning module SequenceRecorderSections (514)
[2018.01.27-11.04.23:437][304]LogModuleManager: Shutting down and abandoning module AutomationWorker (512)
[2018.01.27-11.04.23:437][304]LogModuleManager: Shutting down and abandoning module MatineeToLevelSequence (510)
[2018.01.27-11.04.23:437][304]LogModuleManager: Shutting down and abandoning module LevelSequenceEditor (508)
[2018.01.27-11.04.23:437][304]LogModuleManager: Shutting down and abandoning module PlacementMode (507)
[2018.01.27-11.04.23:437][304]LogModuleManager: Shutting down and abandoning module WmfMediaFactory (504)
[2018.01.27-11.04.23:437][304]LogModuleManager: Shutting down and abandoning module WmfMediaEditor (502)
[2018.01.27-11.04.23:437][304]LogModuleManager: Shutting down and abandoning module OpenExrWrapper (500)
[2018.01.27-11.04.23:437][304]LogModuleManager: Shutting down and abandoning module ImgMediaFactory (498)
[2018.01.27-11.04.23:437][304]LogModuleManager: Shutting down and abandoning module ImgMediaEditor (496)
[2018.01.27-11.04.23:437][304]LogModuleManager: Shutting down and abandoning module AvfMediaFactory (494)
[2018.01.27-11.04.23:437][304]LogModuleManager: Shutting down and abandoning module AvfMediaEditor (492)
[2018.01.27-11.04.23:437][304]LogModuleManager: Shutting down and abandoning module AndroidMediaFactory (490)
[2018.01.27-11.04.23:437][304]LogModuleManager: Shutting down and abandoning module AndroidMediaEditor (488)
[2018.01.27-11.04.23:437][304]LogModuleManager: Shutting down and abandoning module CharacterAI (486)
[2018.01.27-11.04.23:437][304]LogModuleManager: Shutting down and abandoning module AudioCapture (484)
[2018.01.27-11.04.23:437][304]LogModuleManager: Shutting down and abandoning module SequenceRecorder (483)
[2018.01.27-11.04.23:437][304]LogModuleManager: Shutting down and abandoning module SmartSnapping (480)
[2018.01.27-11.04.23:437][304]LogModuleManager: Shutting down and abandoning module SessionServices (478)
[2018.01.27-11.04.23:438][304]LogModuleManager: Shutting down and abandoning module ViewportSnapping (476)
[2018.01.27-11.04.23:438][304]LogModuleManager: Shutting down and abandoning module ViewportInteraction (474)
[2018.01.27-11.04.23:438][304]LogModuleManager: Shutting down and abandoning module ClothPainter (472)
[2018.01.27-11.04.23:438][304]LogModuleManager: Shutting down and abandoning module SkeletalMeshEditor (471)
[2018.01.27-11.04.23:438][304]LogModuleManager: Shutting down and abandoning module LogVisualizer (468)
[2018.01.27-11.04.23:438][304]LogModuleManager: Shutting down and abandoning module IntroTutorials (466)
[2018.01.27-11.04.23:438][304]LogModuleManager: Shutting down and abandoning module GameProjectGeneration (465)
[2018.01.27-11.04.23:438][304]LogModuleManager: Shutting down and abandoning module IOSPlatformEditor (462)
[2018.01.27-11.04.23:438][304]LogModuleManager: Shutting down and abandoning module HTML5PlatformEditor (460)
[2018.01.27-11.04.23:438][304]LogModuleManager: Shutting down and abandoning module AndroidPlatformEditor (458)
[2018.01.27-11.04.23:438][304]LogModuleManager: Shutting down and abandoning module AndroidDeviceDetection (457)
[2018.01.27-11.04.23:450][304]LogModuleManager: Shutting down and abandoning module WindowsPlatformEditor (454)
[2018.01.27-11.04.23:450][304]LogModuleManager: Shutting down and abandoning module IOSRuntimeSettings (452)
[2018.01.27-11.04.23:450][304]LogModuleManager: Shutting down and abandoning module AndroidRuntimeSettings (450)
[2018.01.27-11.04.23:450][304]LogModuleManager: Shutting down and abandoning module InputBindingEditor (448)
[2018.01.27-11.04.23:450][304]LogModuleManager: Shutting down and abandoning module MergeActors (446)
[2018.01.27-11.04.23:450][304]LogModuleManager: Shutting down and abandoning module SizeMap (444)
[2018.01.27-11.04.23:450][304]LogModuleManager: Shutting down and abandoning module TreeMap (442)
[2018.01.27-11.04.23:450][304]LogModuleManager: Shutting down and abandoning module ReferenceViewer (440)
[2018.01.27-11.04.23:450][304]LogModuleManager: Shutting down and abandoning module LocalizationDashboard (438)
[2018.01.27-11.04.23:451][304]LogModuleManager: Shutting down and abandoning module LocalizationService (437)
[2018.01.27-11.04.23:451][304]LogModuleManager: Shutting down and abandoning module HardwareTargeting (434)
[2018.01.27-11.04.23:451][304]LogModuleManager: Shutting down and abandoning module DeviceProfileEditor (432)
[2018.01.27-11.04.23:451][304]LogModuleManager: Shutting down and abandoning module UndoHistory (430)
[2018.01.27-11.04.23:451][304]LogModuleManager: Shutting down and abandoning module XmlParser (428)
[2018.01.27-11.04.23:451][304]LogModuleManager: Shutting down and abandoning module Blutility (426)
[2018.01.27-11.04.23:451][304]LogModuleManager: Shutting down and abandoning module ProjectSettingsViewer (424)
[2018.01.27-11.04.23:451][304]LogModuleManager: Shutting down and abandoning module ProjectTargetPlatformEditor (423)
[2018.01.27-11.04.23:451][304]LogModuleManager: Shutting down and abandoning module EditorSettingsViewer (420)
[2018.01.27-11.04.23:451][304]LogModuleManager: Shutting down and abandoning module SettingsEditor (418)
[2018.01.27-11.04.23:451][304]LogModuleManager: Shutting down and abandoning module ProjectLauncher (416)
[2018.01.27-11.04.23:451][304]LogModuleManager: Shutting down and abandoning module SessionFrontend (414)
[2018.01.27-11.04.23:451][304]LogModuleManager: Shutting down and abandoning module ProfilerClient (412)
[2018.01.27-11.04.23:451][304]LogModuleManager: Shutting down and abandoning module DeviceManager (410)
[2018.01.27-11.04.23:451][304]LogModuleManager: Shutting down and abandoning module TargetDeviceServices (409)
[2018.01.27-11.04.23:505][304]LogModuleManager: Shutting down and abandoning module AutomationController (406)
[2018.01.27-11.04.23:505][304]LogModuleManager: Shutting down and abandoning module AutomationWindow (404)
[2018.01.27-11.04.23:505][304]LogModuleManager: Shutting down and abandoning module Layers (402)
[2018.01.27-11.04.23:505][304]LogModuleManager: Shutting down and abandoning module ComponentVisualizers (400)
[2018.01.27-11.04.23:505][304]LogModuleManager: Shutting down and abandoning module DetailCustomizations (398)
[2018.01.27-11.04.23:505][304]LogModuleManager: Shutting down and abandoning module PackagesDialog (396)
[2018.01.27-11.04.23:505][304]LogModuleManager: Shutting down and abandoning module Persona (394)
[2018.01.27-11.04.23:505][304]LogModuleManager: Shutting down and abandoning module AdvancedPreviewScene (393)
[2018.01.27-11.04.23:505][304]LogModuleManager: Shutting down and abandoning module AnimGraph (391)
[2018.01.27-11.04.23:505][304]LogModuleManager: Shutting down and abandoning module Kismet (388)
[2018.01.27-11.04.23:512][304]LogModuleManager: Shutting down and abandoning module ClassViewer (386)
[2018.01.27-11.04.23:514][304]LogModuleManager: Shutting down and abandoning module Toolbox (384)
[2018.01.27-11.04.23:514][304]LogModuleManager: Shutting down and abandoning module ModuleUI (382)
[2018.01.27-11.04.23:514][304]LogModuleManager: Shutting down and abandoning module MovieSceneTools (380)
[2018.01.27-11.04.23:514][304]LogModuleManager: Shutting down and abandoning module OutputLog (378)
[2018.01.27-11.04.23:514][304]LogModuleManager: Shutting down and abandoning module GammaUI (376)
[2018.01.27-11.04.23:514][304]LogModuleManager: Shutting down and abandoning module Documentation (374)
[2018.01.27-11.04.23:514][304]LogModuleManager: Shutting down and abandoning module MovieSceneTracks (372)
[2018.01.27-11.04.23:514][304]LogModuleManager: Shutting down and abandoning module MovieScene (370)
[2018.01.27-11.04.23:514][304]LogModuleManager: Shutting down and abandoning module StreamingPauseRendering (368)
[2018.01.27-11.04.23:514][304]LogModuleManager: Shutting down and abandoning module LauncherPlatform (366)
[2018.01.27-11.04.23:514][304]LogModuleManager: Shutting down and abandoning module AnalyticsET (364)
[2018.01.27-11.04.23:514][304]LogModuleManager: Shutting down and abandoning module PortalServices (362)
[2018.01.27-11.04.23:514][304]LogModuleManager: Shutting down and abandoning module PortalRpc (360)
[2018.01.27-11.04.23:514][304]LogModuleManager: Shutting down and abandoning module MessagingRpc (358)
[2018.01.27-11.04.23:514][304]LogModuleManager: Shutting down and abandoning module AIModule (356)
[2018.01.27-11.04.23:514][304]LogModuleManager: Shutting down and abandoning module GameplayDebugger (355)
[2018.01.27-11.04.23:514][304]LogModuleManager: Shutting down and abandoning module AITestSuite (353)
[2018.01.27-11.04.23:514][304]LogModuleManager: Shutting down and abandoning module DesktopPlatform (350)
[2018.01.27-11.04.23:514][304]LogModuleManager: Shutting down and abandoning module ProfilerService (348)
[2018.01.27-11.04.23:744][304]LogModuleManager: Shutting down and abandoning module TaskGraph (346)
[2018.01.27-11.04.23:744][304]LogModuleManager: Shutting down and abandoning module SteamVRController (344)
[2018.01.27-11.04.23:744][304]LogModuleManager: Shutting down and abandoning module ProceduralMeshComponentEditor (342)
[2018.01.27-11.04.23:744][304]LogModuleManager: Shutting down and abandoning module ProceduralMeshComponent (340)
[2018.01.27-11.04.23:745][304]LogModuleManager: Shutting down and abandoning module OculusInput (338)
[2018.01.27-11.04.23:745][304]LogModuleManager: Shutting down and abandoning module MobilePatchingUtils (336)
[2018.01.27-11.04.23:745][304]LogModuleManager: Shutting down and abandoning module CustomMeshComponent (334)
[2018.01.27-11.04.23:745][304]LogModuleManager: Shutting down and abandoning module CableComponent (332)
[2018.01.27-11.04.23:745][304]LogModuleManager: Shutting down and abandoning module ArchVisCharacter (330)
[2018.01.27-11.04.23:745][304]LogModuleManager: Shutting down and abandoning module AndroidPermission (328)
[2018.01.27-11.04.23:745][304]LogModuleManager: Shutting down and abandoning module ActorSequence (324)
[2018.01.27-11.04.23:745][304]LogModuleManager: Shutting down and abandoning module MediaPlayerEditor (322)
[2018.01.27-11.04.23:745][304]LogModuleManager: Shutting down and abandoning module MediaCompositingEditor (320)
[2018.01.27-11.04.23:745][304]LogModuleManager: Shutting down and abandoning module MediaCompositing (318)
[2018.01.27-11.04.23:745][304]LogModuleManager: Shutting down and abandoning module HTML5Networking (316)
[2018.01.27-11.04.23:745][304]LogModuleManager: Shutting down and abandoning module AlembicImporter (314)
[2018.01.27-11.04.23:745][304]LogModuleManager: Shutting down and abandoning module AlembicLibrary (313)
[2018.01.27-11.04.23:745][304]LogModuleManager: Shutting down and abandoning module GeometryCache (312)
[2018.01.27-11.04.23:745][304]LogModuleManager: Shutting down and abandoning module GeometryCacheEd (311)
[2018.01.27-11.04.23:745][304]LogModuleManager: Shutting down and abandoning module SpeedTreeImporter (306)
[2018.01.27-11.04.23:745][304]LogModuleManager: Shutting down and abandoning module PluginBrowser (304)
[2018.01.27-11.04.23:745][304]LogModuleManager: Shutting down and abandoning module MobileLauncherProfileWizard (302)
[2018.01.27-11.04.23:745][304]LogModuleManager: Shutting down and abandoning module VisualStudioSourceCodeAccess (300)
[2018.01.27-11.04.23:745][304]LogModuleManager: Shutting down and abandoning module VisualStudioCodeSourceCodeAccess (298)
[2018.01.27-11.04.23:745][304]LogModuleManager: Shutting down and abandoning module UObjectPlugin (296)
[2018.01.27-11.04.23:745][304]LogModuleManager: Shutting down and abandoning module SubversionSourceControl (294)
[2018.01.27-11.04.23:745][304]LogModuleManager: Shutting down and abandoning module PerforceSourceControl (292)
[2018.01.27-11.04.23:745][304]LogModuleManager: Shutting down and abandoning module GitSourceControl (290)
[2018.01.27-11.04.23:745][304]LogModuleManager: Shutting down and abandoning module SourceControl (289)
[2018.01.27-11.04.23:745][304]LogModuleManager: Shutting down and abandoning module LightPropagationVolumeEditor (286)
[2018.01.27-11.04.23:745][304]LogModuleManager: Shutting down and abandoning module PaperTiledImporter (284)
[2018.01.27-11.04.23:745][304]LogModuleManager: Shutting down and abandoning module PaperSpriteSheetImporter (282)
[2018.01.27-11.04.23:745][304]LogModuleManager: Shutting down and abandoning module Paper2DEditor (280)
[2018.01.27-11.04.23:745][304]LogModuleManager: Shutting down and abandoning module MeshPaint (279)
[2018.01.27-11.04.23:745][304]LogModuleManager: Shutting down and abandoning module LevelEditor (277)
[2018.01.27-11.04.23:746][304]LogModuleManager: Shutting down and abandoning module PixelInspectorModule (276)
[2018.01.27-11.04.23:746][304]LogModuleManager: Shutting down and abandoning module MainFrame (274)
[2018.01.27-11.04.23:746][304]LogModuleManager: Shutting down and abandoning module HotReload (273)
[2018.01.27-11.04.23:747][304]LogModuleManager: Shutting down and abandoning module RuntimePhysXCooking (268)
[2018.01.27-11.04.23:747][304]LogModuleManager: Shutting down and abandoning module PhysXVehiclesEditor (266)
[2018.01.27-11.04.23:747][304]LogModuleManager: Shutting down and abandoning module PhysXVehicles (264)
[2018.01.27-11.04.23:747][304]LogModuleManager: Shutting down and abandoning module OculusEditor (262)
[2018.01.27-11.04.23:747][304]LogModuleManager: Shutting down and abandoning module LocationServicesBPLibrary (260)
[2018.01.27-11.04.23:747][304]LogModuleManager: Shutting down and abandoning module ImmediatePhysicsEditor (258)
[2018.01.27-11.04.23:747][304]LogModuleManager: Shutting down and abandoning module ImmediatePhysics (256)
[2018.01.27-11.04.23:747][304]LogModuleManager: Shutting down and abandoning module UdpMessaging (254)
[2018.01.27-11.04.23:848][304]LogModuleManager: Shutting down and abandoning module TcpMessaging (252)
[2018.01.27-11.04.23:949][304]LogModuleManager: Shutting down and abandoning module GameplayTagsEditor (250)
[2018.01.27-11.04.23:949][304]LogModuleManager: Shutting down and abandoning module FacialAnimationEditor (248)
[2018.01.27-11.04.23:949][304]LogModuleManager: Shutting down and abandoning module FacialAnimation (246)
[2018.01.27-11.04.23:949][304]LogModuleManager: Shutting down and abandoning module AssetManagerEditor (244)
[2018.01.27-11.04.23:949][304]LogModuleManager: Shutting down and abandoning module GraphEditor (243)
[2018.01.27-11.04.23:949][304]LogModuleManager: Shutting down and abandoning module ContentBrowser (241)
[2018.01.27-11.04.23:950][304]LogModuleManager: Shutting down and abandoning module LightPropagationVolumeRuntime (238)
[2018.01.27-11.04.23:950][304]LogModuleManager: Shutting down and abandoning module Paper2D (236)
[2018.01.27-11.04.23:950][304]LogModuleManager: Shutting down and abandoning module WindowsMoviePlayer (234)
[2018.01.27-11.04.23:950][304]LogModuleManager: Shutting down and abandoning module WmfMedia (232)
[2018.01.27-11.04.23:953][304]LogModuleManager: Shutting down and abandoning module ImgMedia (230)
[2018.01.27-11.04.23:953][304]LogModuleManager: Shutting down and abandoning module PacketHandler (228)
[2018.01.27-11.04.23:953][304]LogModuleManager: Shutting down and abandoning module ClothingSystemEditor (226)
[2018.01.27-11.04.23:953][304]LogModuleManager: Shutting down and abandoning module ClothingSystemRuntime (224)
[2018.01.27-11.04.23:953][304]LogModuleManager: Shutting down and abandoning module MediaAssets (222)
[2018.01.27-11.04.23:953][304]LogModuleManager: Shutting down and abandoning module Media (221)
[2018.01.27-11.04.23:959][304]LogModuleManager: Shutting down and abandoning module Overlay (218)
[2018.01.27-11.04.23:959][304]LogModuleManager: Shutting down and abandoning module OverlayEditor (217)
[2018.01.27-11.04.23:959][304]LogModuleManager: Shutting down and abandoning module VREditor (214)
[2018.01.27-11.04.23:959][304]LogModuleManager: Shutting down and abandoning module StringTableEditor (212)
[2018.01.27-11.04.23:959][304]LogModuleManager: Shutting down and abandoning module GameplayTasksEditor (210)
[2018.01.27-11.04.23:959][304]LogModuleManager: Shutting down and abandoning module BehaviorTreeEditor (208)
[2018.01.27-11.04.23:959][304]LogModuleManager: Shutting down and abandoning module FunctionalTesting (206)
[2018.01.27-11.04.23:959][304]LogModuleManager: Shutting down and abandoning module CollisionAnalyzer (204)
[2018.01.27-11.04.23:959][304]LogModuleManager: Shutting down and abandoning module WorkspaceMenuStructure (203)
[2018.01.27-11.04.23:959][304]LogModuleManager: Shutting down and abandoning module UMG (200)
[2018.01.27-11.04.23:959][304]LogModuleManager: Shutting down and abandoning module UMGEditor (199)
[2018.01.27-11.04.23:959][304]LogModuleManager: Shutting down and abandoning module Sequencer (198)
[2018.01.27-11.04.23:960][304]LogModuleManager: Shutting down and abandoning module MessageLog (195)
[2018.01.27-11.04.23:960][304]LogModuleManager: Shutting down and abandoning module SlateReflector (190)
[2018.01.27-11.04.23:960][304]LogModuleManager: Shutting down and abandoning module Slate (188)
[2018.01.27-11.04.23:960][304]LogModuleManager: Shutting down and abandoning module EditorStyle (186)
[2018.01.27-11.04.23:963][304]LogModuleManager: Shutting down and abandoning module MRMesh (184)
[2018.01.27-11.04.23:963][304]LogModuleManager: Shutting down and abandoning module SourceCodeAccess (182)
[2018.01.27-11.04.23:963][304]LogModuleManager: Shutting down and abandoning module HeadMountedDisplay (180)
[2018.01.27-11.04.23:963][304]LogModuleManager: Shutting down and abandoning module XAudio2 (178)
[2018.01.27-11.04.23:963][304]LogModuleManager: Shutting down and abandoning module Networking (176)
[2018.01.27-11.04.23:963][304]LogModuleManager: Shutting down and abandoning module Core (172)
[2018.01.27-11.04.23:963][304]LogModuleManager: Shutting down and abandoning module LevelSequence (168)
[2018.01.27-11.04.23:963][304]LogModuleManager: Shutting down and abandoning module DirectoryWatcher (166)
[2018.01.27-11.04.23:965][304]LogModuleManager: Shutting down and abandoning module KismetCompiler (164)
[2018.01.27-11.04.23:965][304]LogModuleManager: Shutting down and abandoning module MeshUtilities (162)
[2018.01.27-11.04.23:965][304]LogModuleManager: Shutting down and abandoning module MeshMergeUtilities (161)
[2018.01.27-11.04.23:965][304]LogModuleManager: Shutting down and abandoning module MeshReductionInterface (160)
[2018.01.27-11.04.23:965][304]LogModuleManager: Shutting down and abandoning module SimplygonSwarm (159)
[2018.01.27-11.04.23:965][304]LogModuleManager: Shutting down and abandoning module SimplygonMeshReduction (157)
[2018.01.27-11.04.23:965][304]LogModuleManager: Shutting down and abandoning module QuadricMeshReduction (155)
[2018.01.27-11.04.23:965][304]LogModuleManager: Shutting down and abandoning module MaterialBaking (151)
[2018.01.27-11.04.23:965][304]LogModuleManager: Shutting down and abandoning module DerivedDataCache (148)
[2018.01.27-11.04.23:990][304]LogDerivedDataCache: Shutdown
[2018.01.27-11.04.23:990][304]LogModuleManager: Shutting down and abandoning module TargetPlatform (146)
[2018.01.27-11.04.23:990][304]LogModuleManager: Shutting down and abandoning module VulkanShaderFormat (145)
[2018.01.27-11.04.23:990][304]LogModuleManager: Shutting down and abandoning module ShaderFormatVectorVM (143)
[2018.01.27-11.04.23:990][304]LogModuleManager: Shutting down and abandoning module ShaderFormatOpenGL (141)
[2018.01.27-11.04.23:990][304]LogModuleManager: Shutting down and abandoning module ShaderFormatD3D (139)
[2018.01.27-11.04.23:990][304]LogModuleManager: Shutting down and abandoning module MetalShaderFormat (137)
[2018.01.27-11.04.23:990][304]LogModuleManager: Shutting down and abandoning module TextureFormatUncompressed (135)
[2018.01.27-11.04.23:990][304]LogModuleManager: Shutting down and abandoning module TextureFormatPVR (133)
[2018.01.27-11.04.23:990][304]LogModuleManager: Shutting down and abandoning module TextureFormatDXT (131)
[2018.01.27-11.04.23:990][304]LogModuleManager: Shutting down and abandoning module TextureFormatIntelISPCTexComp (129)
[2018.01.27-11.04.23:991][304]LogModuleManager: Shutting down and abandoning module TextureFormatASTC (127)
[2018.01.27-11.04.23:991][304]LogModuleManager: Shutting down and abandoning module ImageWrapper (126)
[2018.01.27-11.04.23:991][304]LogModuleManager: Shutting down and abandoning module TextureFormatAndroid (123)
[2018.01.27-11.04.23:991][304]LogModuleManager: Shutting down and abandoning module AudioFormatOpus (121)
[2018.01.27-11.04.23:991][304]LogModuleManager: Shutting down and abandoning module AudioFormatOgg (119)
[2018.01.27-11.04.23:991][304]LogModuleManager: Shutting down and abandoning module AudioFormatADPCM (117)
[2018.01.27-11.04.23:991][304]LogModuleManager: Shutting down and abandoning module LinuxTargetPlatform (115)
[2018.01.27-11.04.23:991][304]LogModuleManager: Shutting down and abandoning module LinuxServerTargetPlatform (113)
[2018.01.27-11.04.23:991][304]LogModuleManager: Shutting down and abandoning module LinuxNoEditorTargetPlatform (111)
[2018.01.27-11.04.23:991][304]LogModuleManager: Shutting down and abandoning module LinuxClientTargetPlatform (109)
[2018.01.27-11.04.23:991][304]LogModuleManager: Shutting down and abandoning module TVOSTargetPlatform (107)
[2018.01.27-11.04.23:991][304]LogModuleManager: Shutting down and abandoning module Messaging (105)
[2018.01.27-11.04.23:991][304]LogModuleManager: Shutting down and abandoning module IOSTargetPlatform (103)
[2018.01.27-11.04.23:991][304]LogModuleManager: Shutting down and abandoning module HTML5TargetPlatform (101)
[2018.01.27-11.04.23:991][304]LogModuleManager: Shutting down and abandoning module AndroidTargetPlatform (99)
[2018.01.27-11.04.23:991][304]LogModuleManager: Shutting down and abandoning module Android_PVRTCTargetPlatform (97)
[2018.01.27-11.04.23:991][304]LogModuleManager: Shutting down and abandoning module Android_MultiTargetPlatform (95)
[2018.01.27-11.04.23:991][304]LogModuleManager: Shutting down and abandoning module Android_ETC2TargetPlatform (93)
[2018.01.27-11.04.23:991][304]LogModuleManager: Shutting down and abandoning module Android_ETC1TargetPlatform (91)
[2018.01.27-11.04.23:991][304]LogModuleManager: Shutting down and abandoning module Android_DXTTargetPlatform (89)
[2018.01.27-11.04.23:991][304]LogModuleManager: Shutting down and abandoning module Android_ATCTargetPlatform (87)
[2018.01.27-11.04.23:991][304]LogModuleManager: Shutting down and abandoning module Android_ASTCTargetPlatform (85)
[2018.01.27-11.04.23:991][304]LogModuleManager: Shutting down and abandoning module WindowsTargetPlatform (83)
[2018.01.27-11.04.23:991][304]LogModuleManager: Shutting down and abandoning module WindowsServerTargetPlatform (81)
[2018.01.27-11.04.23:991][304]LogModuleManager: Shutting down and abandoning module WindowsNoEditorTargetPlatform (79)
[2018.01.27-11.04.23:991][304]LogModuleManager: Shutting down and abandoning module WindowsClientTargetPlatform (77)
[2018.01.27-11.04.23:991][304]LogModuleManager: Shutting down and abandoning module MacTargetPlatform (75)
[2018.01.27-11.04.23:991][304]LogModuleManager: Shutting down and abandoning module MacServerTargetPlatform (73)
[2018.01.27-11.04.23:991][304]LogModuleManager: Shutting down and abandoning module MacNoEditorTargetPlatform (71)
[2018.01.27-11.04.23:991][304]LogModuleManager: Shutting down and abandoning module MacClientTargetPlatform (69)
[2018.01.27-11.04.23:991][304]LogModuleManager: Shutting down and abandoning module AllDesktopTargetPlatform (67)
[2018.01.27-11.04.23:991][304]LogModuleManager: Shutting down and abandoning module InputCore (64)
[2018.01.27-11.04.23:991][304]LogModuleManager: Shutting down and abandoning module Settings (62)
[2018.01.27-11.04.23:992][304]LogModuleManager: Shutting down and abandoning module PhysXCooking (60)
[2018.01.27-11.04.23:992][304]LogModuleManager: Shutting down and abandoning module SteamVR (58)
[2018.01.27-11.04.23:992][304]LogModuleManager: Shutting down and abandoning module OculusHMD (56)
[2018.01.27-11.04.23:992][304]LogModuleManager: Shutting down and abandoning module ExampleDeviceProfileSelector (54)
[2018.01.27-11.04.23:992][304]LogModuleManager: Shutting down and abandoning module AppleARKit (52)
[2018.01.27-11.04.23:992][304]LogModuleManager: Shutting down and abandoning module AugmentedReality (51)
[2018.01.27-11.04.23:992][304]LogModuleManager: Shutting down and abandoning module OnlineBlueprintSupport (48)
[2018.01.27-11.04.23:992][304]LogModuleManager: Shutting down and abandoning module OnlineSubsystem (44)
[2018.01.27-11.04.23:992][304]LogModuleManager: Shutting down and abandoning module XMPP (43)
[2018.01.27-11.04.23:992][304]LogModuleManager: Shutting down and abandoning module HTTP (41)
[2018.01.27-11.04.23:992][304]LogHttp: Display: Http module shutting down, but needs to wait on 1 outstanding Http requests:
[2018.01.27-11.04.23:992][304]LogHttp: Display: 	verb=[POST] url=[https://datarouter.ol.epicgames.com/datarouter/api/v1/public/data?SessionID=%7B1E72B586-417B-9CFA-4DD7-57A2B7C33A88%7D&AppID=UEEditor.Rocket.Release&AppVersion=4.18.2-3794801%2B%2B%2BUE4%2BRelease-4.18&UserID=94c3cc7d45c1c49ce99b4ba6248e79d2%7C3c937cf5e3324c47a53139c291b8ef80%7C5345d6ed-81dd-4d71-ad68-3ed2ee4bcd79&AppEnvironment=datacollector-binary&UploadType=eteventstream] status=Processing
[2018.01.27-11.04.24:012][304]LogModuleManager: Shutting down and abandoning module SSL (40)
[2018.01.27-11.04.24:015][304]LogModuleManager: Shutting down and abandoning module AnimationModifiers (36)
[2018.01.27-11.04.24:015][304]LogModuleManager: Shutting down and abandoning module PropertyEditor (35)
[2018.01.27-11.04.24:015][304]LogModuleManager: Shutting down and abandoning module AudioEditor (32)
[2018.01.27-11.04.24:015][304]LogModuleManager: Shutting down and abandoning module TextureCompressor (30)
[2018.01.27-11.04.24:015][304]LogModuleManager: Shutting down and abandoning module ShaderCore (28)
[2018.01.27-11.04.24:015][304]LogModuleManager: Shutting down and abandoning module Landscape (26)
[2018.01.27-11.04.24:015][304]LogModuleManager: Shutting down and abandoning module SlateRHIRenderer (24)
[2018.01.27-11.04.24:016][304]LogModuleManager: Shutting down and abandoning module OpenGLDrv (22)
[2018.01.27-11.04.24:016][304]LogModuleManager: Shutting down and abandoning module D3D11RHI (20)
[2018.01.27-11.04.24:016][304]LogModuleManager: Shutting down and abandoning module AnimGraphRuntime (18)
[2018.01.27-11.04.24:016][304]LogModuleManager: Shutting down and abandoning module Renderer (16)
[2018.01.27-11.04.24:016][304]LogModuleManager: Shutting down and abandoning module Engine (14)
[2018.01.27-11.04.24:016][304]LogModuleManager: Shutting down and abandoning module CoreUObject (12)
[2018.01.27-11.04.24:016][304]LogModuleManager: Shutting down and abandoning module NetworkFile (10)
[2018.01.27-11.04.24:016][304]LogModuleManager: Shutting down and abandoning module CookedIterativeFile (8)
[2018.01.27-11.04.24:016][304]LogModuleManager: Shutting down and abandoning module StreamingFile (6)
[2018.01.27-11.04.24:016][304]LogModuleManager: Shutting down and abandoning module SandboxFile (4)
[2018.01.27-11.04.24:016][304]LogModuleManager: Shutting down and abandoning module PakFile (2)
[2018.01.27-11.04.24:020][304]LogExit: Exiting.
[2018.01.27-11.04.24:036][304]Log file closed, 01/27/18 08:04:24
